#
# A fatal error has been detected by the Java Runtime Environment:
#
#  Internal Error (jvmciRuntime.cpp:983), pid=17008, tid=16640
#  fatal error: Fatal error in JVMCI shared library JavaVM[1] owned by JVMCI runtime 0
#
# JRE version: OpenJDK Runtime Environment GraalVM CE 22.3.3 (17.0.8+7) (build 17.0.8+7-jvmci-22.3-b22)
# Java VM: OpenJDK 64-Bit Server VM GraalVM CE 22.3.3 (17.0.8+7-jvmci-22.3-b22, mixed mode, sharing, tiered, jvmci, jvmci compiler, compressed oops, compressed class ptrs, g1 gc, windows-amd64)
# No core dump will be written. Minidumps are not enabled by default on client versions of Windows
#
# If you would like to submit a bug report, please visit:
#   https://github.com/oracle/graal/issues
# The crash happened outside the Java Virtual Machine in native code.
# See problematic frame for where to report the bug.
#

---------------  S U M M A R Y ------------

Command Line: -XX:ThreadPriorityPolicy=1 -XX:+UnlockExperimentalVMOptions -XX:+EnableJVMCIProduct -XX:JVMCIThreadsPerNativeLibraryRuntime=1 -XX:-UnlockExperimentalVMOptions --add-opens=java.base/java.util=ALL-UNNAMED --add-opens=java.base/java.lang=ALL-UNNAMED --add-opens=java.base/java.lang.invoke=ALL-UNNAMED --add-opens=java.prefs/java.util.prefs=ALL-UNNAMED --add-opens=java.base/java.nio.charset=ALL-UNNAMED --add-opens=java.base/java.net=ALL-UNNAMED --add-opens=java.base/java.util.concurrent.atomic=ALL-UNNAMED -XX:MaxMetaspaceSize=384m -XX:+HeapDumpOnOutOfMemoryError -Xms256m -Xmx512m -Dfile.encoding=UTF-8 -Duser.country=KR -Duser.language=ko -Duser.variant -javaagent:C:\Users\user\.gradle\wrapper\dists\gradle-8.5-bin\5t9huq95ubn472n8rpzujfbqh\gradle-8.5\lib\agents\gradle-instrumentation-agent-8.5.jar org.gradle.launcher.daemon.bootstrap.GradleDaemon 8.5

Host: Intel(R) Core(TM) i5-7200U CPU @ 2.50GHz, 4 cores, 7G,  Windows 10 , 64 bit Build 19041 (10.0.19041.3636)
Time: Mon Jan  8 13:50:57 2024  Windows 10 , 64 bit Build 19041 (10.0.19041.3636) elapsed time: 17.197665 seconds (0d 0h 0m 17s)

---------------  T H R E A D  ---------------

Current thread (0x0000028b5075eb40):  JavaThread "JVMCI-native CompilerThread0" daemon [_thread_in_native, id=16640, stack(0x000000e19e800000,0x000000e19e900000)]


Current CompileTask:
JVMCI-native:  17197 3981       4       java.util.stream.ReferencePipeline$2$1::accept (27 bytes)

Stack: [0x000000e19e800000,0x000000e19e900000]
Native frames: (J=compiled Java code, j=interpreted, Vv=VM code, C=native code)
V  [jvm.dll+0x66907a]
V  [jvm.dll+0x7c9e7e]
V  [jvm.dll+0x7cb7ce]
V  [jvm.dll+0x2454fb]
V  [jvm.dll+0x4af644]
C  [jvmcicompiler.dll+0xf34af]


---------------  P R O C E S S  ---------------

Threads class SMR info:
_java_thread_list=0x0000028b6ee0e400, length=37, elements={
0x0000028b344b6890, 0x0000028b5073cf80, 0x0000028b5073e610, 0x0000028b50759e50,
0x0000028b5075aa10, 0x0000028b5075d3e0, 0x0000028b5075dda0, 0x0000028b5075eb40,
0x0000028b5078ec60, 0x0000028b50791280, 0x0000028b50728e70, 0x0000028b50953120,
0x0000028b6da97040, 0x0000028b6dba5380, 0x0000028b6dbaf950, 0x0000028b6db97b70,
0x0000028b6dc4f400, 0x0000028b6dc7f410, 0x0000028b6dc7f8f0, 0x0000028b6dcb81c0,
0x0000028b6dcb86d0, 0x0000028b6dcb8be0, 0x0000028b6dcb5430, 0x0000028b6dcb6870,
0x0000028b6dcb77a0, 0x0000028b6dcb5940, 0x0000028b6decb5a0, 0x0000028b6decc9e0,
0x0000028b6dec9c50, 0x0000028b6decf770, 0x0000028b6decbab0, 0x0000028b6decfc80,
0x0000028b6ded15d0, 0x0000028b6decd910, 0x0000028b6decc4d0, 0x0000028b6deca160,
0x0000028b6decbfc0
}

Java Threads: ( => current thread )
  0x0000028b344b6890 JavaThread "main" [_thread_blocked, id=9440, stack(0x000000e19db00000,0x000000e19dc00000)]
  0x0000028b5073cf80 JavaThread "Reference Handler" daemon [_thread_blocked, id=18388, stack(0x000000e19e200000,0x000000e19e300000)]
  0x0000028b5073e610 JavaThread "Finalizer" daemon [_thread_blocked, id=12540, stack(0x000000e19e300000,0x000000e19e400000)]
  0x0000028b50759e50 JavaThread "Signal Dispatcher" daemon [_thread_blocked, id=9676, stack(0x000000e19e400000,0x000000e19e500000)]
  0x0000028b5075aa10 JavaThread "Attach Listener" daemon [_thread_blocked, id=14176, stack(0x000000e19e500000,0x000000e19e600000)]
  0x0000028b5075d3e0 JavaThread "Service Thread" daemon [_thread_blocked, id=8428, stack(0x000000e19e600000,0x000000e19e700000)]
  0x0000028b5075dda0 JavaThread "Monitor Deflation Thread" daemon [_thread_blocked, id=2832, stack(0x000000e19e700000,0x000000e19e800000)]
=>0x0000028b5075eb40 JavaThread "JVMCI-native CompilerThread0" daemon [_thread_in_native, id=16640, stack(0x000000e19e800000,0x000000e19e900000)]
  0x0000028b5078ec60 JavaThread "C1 CompilerThread0" daemon [_thread_blocked, id=11168, stack(0x000000e19e900000,0x000000e19ea00000)]
  0x0000028b50791280 JavaThread "Sweeper thread" daemon [_thread_blocked, id=12352, stack(0x000000e19ea00000,0x000000e19eb00000)]
  0x0000028b50728e70 JavaThread "Common-Cleaner" daemon [_thread_blocked, id=10108, stack(0x000000e19eb00000,0x000000e19ec00000)]
  0x0000028b50953120 JavaThread "Notification Thread" daemon [_thread_blocked, id=10196, stack(0x000000e19ec00000,0x000000e19ed00000)]
  0x0000028b6da97040 JavaThread "Daemon health stats" [_thread_blocked, id=14696, stack(0x000000e19f100000,0x000000e19f200000)]
  0x0000028b6dba5380 JavaThread "Incoming local TCP Connector on port 56787" [_thread_in_native, id=13372, stack(0x000000e19f200000,0x000000e19f300000)]
  0x0000028b6dbaf950 JavaThread "Daemon periodic checks" [_thread_blocked, id=18472, stack(0x000000e19f300000,0x000000e19f400000)]
  0x0000028b6db97b70 JavaThread "Daemon" [_thread_blocked, id=18604, stack(0x000000e19f400000,0x000000e19f500000)]
  0x0000028b6dc4f400 JavaThread "Handler for socket connection from /127.0.0.1:56787 to /127.0.0.1:56788" [_thread_in_native, id=16528, stack(0x000000e19f500000,0x000000e19f600000)]
  0x0000028b6dc7f410 JavaThread "Cancel handler" [_thread_blocked, id=1408, stack(0x000000e19f600000,0x000000e19f700000)]
  0x0000028b6dc7f8f0 JavaThread "Daemon worker" [_thread_in_vm, id=15124, stack(0x000000e19f700000,0x000000e19f800000)]
  0x0000028b6dcb81c0 JavaThread "Asynchronous log dispatcher for DefaultDaemonConnection: socket connection from /127.0.0.1:56787 to /127.0.0.1:56788" [_thread_blocked, id=3628, stack(0x000000e19f800000,0x000000e19f900000)]
  0x0000028b6dcb86d0 JavaThread "Stdin handler" [_thread_blocked, id=16716, stack(0x000000e19f900000,0x000000e19fa00000)]
  0x0000028b6dcb8be0 JavaThread "Daemon client event forwarder" [_thread_blocked, id=18244, stack(0x000000e19fa00000,0x000000e19fb00000)]
  0x0000028b6dcb5430 JavaThread "Cache worker for journal cache (C:\Users\user\.gradle\caches\journal-1)" [_thread_blocked, id=16456, stack(0x000000e19fb00000,0x000000e19fc00000)]
  0x0000028b6dcb6870 JavaThread "File lock request listener" [_thread_in_native, id=17080, stack(0x000000e19fc00000,0x000000e19fd00000)]
  0x0000028b6dcb77a0 JavaThread "Cache worker for file hash cache (C:\Users\user\.gradle\caches\8.5\fileHashes)" [_thread_blocked, id=13712, stack(0x000000e19fd00000,0x000000e19fe00000)]
  0x0000028b6dcb5940 JavaThread "File watcher server" daemon [_thread_in_native, id=14588, stack(0x000000e19fe00000,0x000000e19ff00000)]
  0x0000028b6decb5a0 JavaThread "File watcher consumer" daemon [_thread_blocked, id=5520, stack(0x000000e19ff00000,0x000000e1a0000000)]
  0x0000028b6decc9e0 JavaThread "jar transforms" [_thread_blocked, id=12792, stack(0x000000e1a0000000,0x000000e1a0100000)]
  0x0000028b6dec9c50 JavaThread "jar transforms Thread 2" [_thread_blocked, id=10996, stack(0x000000e1a0100000,0x000000e1a0200000)]
  0x0000028b6decf770 JavaThread "jar transforms Thread 3" [_thread_blocked, id=6172, stack(0x000000e1a0200000,0x000000e1a0300000)]
  0x0000028b6decbab0 JavaThread "jar transforms Thread 4" [_thread_blocked, id=20624, stack(0x000000e1a0300000,0x000000e1a0400000)]
  0x0000028b6decfc80 JavaThread "Cache worker for checksums cache (C:\Users\user\Desktop\studyProjet\studyProject\.gradle\8.5\checksums)" [_thread_blocked, id=19340, stack(0x000000e1a0400000,0x000000e1a0500000)]
  0x0000028b6ded15d0 JavaThread "Cache worker for file hash cache (C:\Users\user\Desktop\studyProjet\studyProject\.gradle\8.5\fileHashes)" [_thread_blocked, id=7600, stack(0x000000e1a0500000,0x000000e1a0600000)]
  0x0000028b6decd910 JavaThread "Cache worker for cache directory md-supplier (C:\Users\user\.gradle\caches\8.5\md-supplier)" [_thread_blocked, id=16864, stack(0x000000e1a0600000,0x000000e1a0700000)]
  0x0000028b6decc4d0 JavaThread "Cache worker for cache directory md-rule (C:\Users\user\.gradle\caches\8.5\md-rule)" [_thread_blocked, id=19968, stack(0x000000e1a0700000,0x000000e1a0800000)]
  0x0000028b6deca160 JavaThread "Cache worker for file content cache (C:\Users\user\.gradle\caches\8.5\fileContent)" [_thread_blocked, id=10420, stack(0x000000e1a0800000,0x000000e1a0900000)]
  0x0000028b6decbfc0 JavaThread "Cache worker for execution history cache (C:\Users\user\.gradle\caches\8.5\executionHistory)" [_thread_blocked, id=3120, stack(0x000000e1a0900000,0x000000e1a0a00000)]

Other Threads:
  0x0000028b50739140 VMThread "VM Thread" [stack: 0x000000e19e100000,0x000000e19e200000] [id=20852]
  0x0000028b344f9630 WatcherThread [stack: 0x000000e19ed00000,0x000000e19ee00000] [id=2732]
  0x0000028b344e46a0 GCTaskThread "GC Thread#0" [stack: 0x000000e19dc00000,0x000000e19dd00000] [id=15688]
  0x0000028b50a0c8f0 GCTaskThread "GC Thread#1" [stack: 0x000000e19ee00000,0x000000e19ef00000] [id=5044]
  0x0000028b50a0cbb0 GCTaskThread "GC Thread#2" [stack: 0x000000e19ef00000,0x000000e19f000000] [id=16412]
  0x0000028b50a0ce70 GCTaskThread "GC Thread#3" [stack: 0x000000e19f000000,0x000000e19f100000] [id=8056]
  0x0000028b344e95f0 ConcurrentGCThread "G1 Main Marker" [stack: 0x000000e19dd00000,0x000000e19de00000] [id=2528]
  0x0000028b344eb7b0 ConcurrentGCThread "G1 Conc#0" [stack: 0x000000e19de00000,0x000000e19df00000] [id=17980]
  0x0000028b505fe510 ConcurrentGCThread "G1 Refine#0" [stack: 0x000000e19df00000,0x000000e19e000000] [id=6232]
  0x0000028b505fee50 ConcurrentGCThread "G1 Service" [stack: 0x000000e19e000000,0x000000e19e100000] [id=17828]

Threads with active compile tasks:
JVMCI-native CompilerThread0    17230 3981       4       java.util.stream.ReferencePipeline$2$1::accept (27 bytes)

VM state: not at safepoint (normal execution)

VM Mutex/Monitor currently owned by a thread: None

Heap address: 0x00000000e0000000, size: 512 MB, Compressed Oops mode: 32-bit

CDS archive(s) mapped at: [0x0000028b51000000-0x0000028b51bd0000-0x0000028b51bd0000), size 12386304, SharedBaseAddress: 0x0000028b51000000, ArchiveRelocationMode: 1.
Compressed class space mapped at: 0x0000028b52000000-0x0000028b66000000, reserved size: 335544320
Narrow klass base: 0x0000028b51000000, Narrow klass shift: 0, Narrow klass range: 0x100000000

GC Precious Log:
 CPUs: 4 total, 4 available
 Memory: 8102M
 Large Page Support: Disabled
 NUMA Support: Disabled
 Compressed Oops: Enabled (32-bit)
 Heap Region Size: 1M
 Heap Min Capacity: 256M
 Heap Initial Capacity: 256M
 Heap Max Capacity: 512M
 Pre-touch: Disabled
 Parallel Workers: 4
 Concurrent Workers: 1
 Concurrent Refinement Workers: 4
 Periodic GC: Disabled

Heap:
 garbage-first heap   total 262144K, used 136173K [0x00000000e0000000, 0x0000000100000000)
  region size 1024K, 114 young (116736K), 12 survivors (12288K)
 Metaspace       used 34342K, committed 34752K, reserved 393216K
  class space    used 4711K, committed 4864K, reserved 327680K

Heap Regions: E=young(eden), S=young(survivor), O=old, HS=humongous(starts), HC=humongous(continues), CS=collection set, F=free, OA=open archive, CA=closed archive, TAMS=top-at-mark-start (previous, next)
|   0|0x00000000e0000000, 0x00000000e0100000, 0x00000000e0100000|100%| O|  |TAMS 0x00000000e0100000, 0x00000000e0000000| Untracked 
|   1|0x00000000e0100000, 0x00000000e0200000, 0x00000000e0200000|100%| O|  |TAMS 0x00000000e0200000, 0x00000000e0100000| Untracked 
|   2|0x00000000e0200000, 0x00000000e0300000, 0x00000000e0300000|100%|HS|  |TAMS 0x00000000e0300000, 0x00000000e0200000| Complete 
|   3|0x00000000e0300000, 0x00000000e0400000, 0x00000000e0400000|100%|HC|  |TAMS 0x00000000e0400000, 0x00000000e0300000| Complete 
|   4|0x00000000e0400000, 0x00000000e0500000, 0x00000000e0500000|100%|HC|  |TAMS 0x00000000e0500000, 0x00000000e0400000| Complete 
|   5|0x00000000e0500000, 0x00000000e0600000, 0x00000000e0600000|100%|HC|  |TAMS 0x00000000e0600000, 0x00000000e0500000| Complete 
|   6|0x00000000e0600000, 0x00000000e0700000, 0x00000000e0700000|100%| O|  |TAMS 0x00000000e0700000, 0x00000000e0600000| Untracked 
|   7|0x00000000e0700000, 0x00000000e0800000, 0x00000000e0800000|100%| O|  |TAMS 0x00000000e0800000, 0x00000000e0700000| Untracked 
|   8|0x00000000e0800000, 0x00000000e0900000, 0x00000000e0900000|100%| O|  |TAMS 0x00000000e0900000, 0x00000000e0800000| Untracked 
|   9|0x00000000e0900000, 0x00000000e0a00000, 0x00000000e0a00000|100%| O|  |TAMS 0x00000000e0a00000, 0x00000000e0900000| Untracked 
|  10|0x00000000e0a00000, 0x00000000e0aac600, 0x00000000e0b00000| 67%| O|  |TAMS 0x00000000e0aac600, 0x00000000e0a00000| Untracked 
|  11|0x00000000e0b00000, 0x00000000e0c00000, 0x00000000e0c00000|100%|HS|  |TAMS 0x00000000e0b00000, 0x00000000e0b00000| Complete 
|  12|0x00000000e0c00000, 0x00000000e0d00000, 0x00000000e0d00000|100%|HC|  |TAMS 0x00000000e0c00000, 0x00000000e0c00000| Complete 
|  13|0x00000000e0d00000, 0x00000000e0e00000, 0x00000000e0e00000|100%|HS|  |TAMS 0x00000000e0d00000, 0x00000000e0d00000| Complete 
|  14|0x00000000e0e00000, 0x00000000e0f00000, 0x00000000e0f00000|100%|HC|  |TAMS 0x00000000e0e00000, 0x00000000e0e00000| Complete 
|  15|0x00000000e0f00000, 0x00000000e1000000, 0x00000000e1000000|100%|HC|  |TAMS 0x00000000e0f00000, 0x00000000e0f00000| Complete 
|  16|0x00000000e1000000, 0x00000000e1100000, 0x00000000e1100000|100%|HS|  |TAMS 0x00000000e1000000, 0x00000000e1000000| Complete 
|  17|0x00000000e1100000, 0x00000000e1200000, 0x00000000e1200000|100%|HC|  |TAMS 0x00000000e1100000, 0x00000000e1100000| Complete 
|  18|0x00000000e1200000, 0x00000000e1300000, 0x00000000e1300000|100%|HC|  |TAMS 0x00000000e1200000, 0x00000000e1200000| Complete 
|  19|0x00000000e1300000, 0x00000000e1400000, 0x00000000e1400000|100%|HS|  |TAMS 0x00000000e1300000, 0x00000000e1300000| Complete 
|  20|0x00000000e1400000, 0x00000000e1500000, 0x00000000e1500000|100%|HC|  |TAMS 0x00000000e1400000, 0x00000000e1400000| Complete 
|  21|0x00000000e1500000, 0x00000000e1600000, 0x00000000e1600000|100%|HC|  |TAMS 0x00000000e1500000, 0x00000000e1500000| Complete 
|  22|0x00000000e1600000, 0x00000000e1600000, 0x00000000e1700000|  0%| F|  |TAMS 0x00000000e1600000, 0x00000000e1600000| Untracked 
|  23|0x00000000e1700000, 0x00000000e1700000, 0x00000000e1800000|  0%| F|  |TAMS 0x00000000e1700000, 0x00000000e1700000| Untracked 
|  24|0x00000000e1800000, 0x00000000e1800000, 0x00000000e1900000|  0%| F|  |TAMS 0x00000000e1800000, 0x00000000e1800000| Untracked 
|  25|0x00000000e1900000, 0x00000000e1900000, 0x00000000e1a00000|  0%| F|  |TAMS 0x00000000e1900000, 0x00000000e1900000| Untracked 
|  26|0x00000000e1a00000, 0x00000000e1a00000, 0x00000000e1b00000|  0%| F|  |TAMS 0x00000000e1a00000, 0x00000000e1a00000| Untracked 
|  27|0x00000000e1b00000, 0x00000000e1b00000, 0x00000000e1c00000|  0%| F|  |TAMS 0x00000000e1b00000, 0x00000000e1b00000| Untracked 
|  28|0x00000000e1c00000, 0x00000000e1c00000, 0x00000000e1d00000|  0%| F|  |TAMS 0x00000000e1c00000, 0x00000000e1c00000| Untracked 
|  29|0x00000000e1d00000, 0x00000000e1d00000, 0x00000000e1e00000|  0%| F|  |TAMS 0x00000000e1d00000, 0x00000000e1d00000| Untracked 
|  30|0x00000000e1e00000, 0x00000000e1e00000, 0x00000000e1f00000|  0%| F|  |TAMS 0x00000000e1e00000, 0x00000000e1e00000| Untracked 
|  31|0x00000000e1f00000, 0x00000000e1f00000, 0x00000000e2000000|  0%| F|  |TAMS 0x00000000e1f00000, 0x00000000e1f00000| Untracked 
|  32|0x00000000e2000000, 0x00000000e2000000, 0x00000000e2100000|  0%| F|  |TAMS 0x00000000e2000000, 0x00000000e2000000| Untracked 
|  33|0x00000000e2100000, 0x00000000e2100000, 0x00000000e2200000|  0%| F|  |TAMS 0x00000000e2100000, 0x00000000e2100000| Untracked 
|  34|0x00000000e2200000, 0x00000000e2200000, 0x00000000e2300000|  0%| F|  |TAMS 0x00000000e2200000, 0x00000000e2200000| Untracked 
|  35|0x00000000e2300000, 0x00000000e2300000, 0x00000000e2400000|  0%| F|  |TAMS 0x00000000e2300000, 0x00000000e2300000| Untracked 
|  36|0x00000000e2400000, 0x00000000e2400000, 0x00000000e2500000|  0%| F|  |TAMS 0x00000000e2400000, 0x00000000e2400000| Untracked 
|  37|0x00000000e2500000, 0x00000000e2500000, 0x00000000e2600000|  0%| F|  |TAMS 0x00000000e2500000, 0x00000000e2500000| Untracked 
|  38|0x00000000e2600000, 0x00000000e2600000, 0x00000000e2700000|  0%| F|  |TAMS 0x00000000e2600000, 0x00000000e2600000| Untracked 
|  39|0x00000000e2700000, 0x00000000e2700000, 0x00000000e2800000|  0%| F|  |TAMS 0x00000000e2700000, 0x00000000e2700000| Untracked 
|  40|0x00000000e2800000, 0x00000000e2800000, 0x00000000e2900000|  0%| F|  |TAMS 0x00000000e2800000, 0x00000000e2800000| Untracked 
|  41|0x00000000e2900000, 0x00000000e2900000, 0x00000000e2a00000|  0%| F|  |TAMS 0x00000000e2900000, 0x00000000e2900000| Untracked 
|  42|0x00000000e2a00000, 0x00000000e2a00000, 0x00000000e2b00000|  0%| F|  |TAMS 0x00000000e2a00000, 0x00000000e2a00000| Untracked 
|  43|0x00000000e2b00000, 0x00000000e2b00000, 0x00000000e2c00000|  0%| F|  |TAMS 0x00000000e2b00000, 0x00000000e2b00000| Untracked 
|  44|0x00000000e2c00000, 0x00000000e2c00000, 0x00000000e2d00000|  0%| F|  |TAMS 0x00000000e2c00000, 0x00000000e2c00000| Untracked 
|  45|0x00000000e2d00000, 0x00000000e2d00000, 0x00000000e2e00000|  0%| F|  |TAMS 0x00000000e2d00000, 0x00000000e2d00000| Untracked 
|  46|0x00000000e2e00000, 0x00000000e2e00000, 0x00000000e2f00000|  0%| F|  |TAMS 0x00000000e2e00000, 0x00000000e2e00000| Untracked 
|  47|0x00000000e2f00000, 0x00000000e2f00000, 0x00000000e3000000|  0%| F|  |TAMS 0x00000000e2f00000, 0x00000000e2f00000| Untracked 
|  48|0x00000000e3000000, 0x00000000e3000000, 0x00000000e3100000|  0%| F|  |TAMS 0x00000000e3000000, 0x00000000e3000000| Untracked 
|  49|0x00000000e3100000, 0x00000000e3100000, 0x00000000e3200000|  0%| F|  |TAMS 0x00000000e3100000, 0x00000000e3100000| Untracked 
|  50|0x00000000e3200000, 0x00000000e3200000, 0x00000000e3300000|  0%| F|  |TAMS 0x00000000e3200000, 0x00000000e3200000| Untracked 
|  51|0x00000000e3300000, 0x00000000e3300000, 0x00000000e3400000|  0%| F|  |TAMS 0x00000000e3300000, 0x00000000e3300000| Untracked 
|  52|0x00000000e3400000, 0x00000000e3400000, 0x00000000e3500000|  0%| F|  |TAMS 0x00000000e3400000, 0x00000000e3400000| Untracked 
|  53|0x00000000e3500000, 0x00000000e3500000, 0x00000000e3600000|  0%| F|  |TAMS 0x00000000e3500000, 0x00000000e3500000| Untracked 
|  54|0x00000000e3600000, 0x00000000e3600000, 0x00000000e3700000|  0%| F|  |TAMS 0x00000000e3600000, 0x00000000e3600000| Untracked 
|  55|0x00000000e3700000, 0x00000000e3700000, 0x00000000e3800000|  0%| F|  |TAMS 0x00000000e3700000, 0x00000000e3700000| Untracked 
|  56|0x00000000e3800000, 0x00000000e3800000, 0x00000000e3900000|  0%| F|  |TAMS 0x00000000e3800000, 0x00000000e3800000| Untracked 
|  57|0x00000000e3900000, 0x00000000e3900000, 0x00000000e3a00000|  0%| F|  |TAMS 0x00000000e3900000, 0x00000000e3900000| Untracked 
|  58|0x00000000e3a00000, 0x00000000e3a00000, 0x00000000e3b00000|  0%| F|  |TAMS 0x00000000e3a00000, 0x00000000e3a00000| Untracked 
|  59|0x00000000e3b00000, 0x00000000e3b00000, 0x00000000e3c00000|  0%| F|  |TAMS 0x00000000e3b00000, 0x00000000e3b00000| Untracked 
|  60|0x00000000e3c00000, 0x00000000e3c00000, 0x00000000e3d00000|  0%| F|  |TAMS 0x00000000e3c00000, 0x00000000e3c00000| Untracked 
|  61|0x00000000e3d00000, 0x00000000e3d00000, 0x00000000e3e00000|  0%| F|  |TAMS 0x00000000e3d00000, 0x00000000e3d00000| Untracked 
|  62|0x00000000e3e00000, 0x00000000e3e00000, 0x00000000e3f00000|  0%| F|  |TAMS 0x00000000e3e00000, 0x00000000e3e00000| Untracked 
|  63|0x00000000e3f00000, 0x00000000e3f00000, 0x00000000e4000000|  0%| F|  |TAMS 0x00000000e3f00000, 0x00000000e3f00000| Untracked 
|  64|0x00000000e4000000, 0x00000000e4000000, 0x00000000e4100000|  0%| F|  |TAMS 0x00000000e4000000, 0x00000000e4000000| Untracked 
|  65|0x00000000e4100000, 0x00000000e4100000, 0x00000000e4200000|  0%| F|  |TAMS 0x00000000e4100000, 0x00000000e4100000| Untracked 
|  66|0x00000000e4200000, 0x00000000e4200000, 0x00000000e4300000|  0%| F|  |TAMS 0x00000000e4200000, 0x00000000e4200000| Untracked 
|  67|0x00000000e4300000, 0x00000000e4300000, 0x00000000e4400000|  0%| F|  |TAMS 0x00000000e4300000, 0x00000000e4300000| Untracked 
|  68|0x00000000e4400000, 0x00000000e4400000, 0x00000000e4500000|  0%| F|  |TAMS 0x00000000e4400000, 0x00000000e4400000| Untracked 
|  69|0x00000000e4500000, 0x00000000e4500000, 0x00000000e4600000|  0%| F|  |TAMS 0x00000000e4500000, 0x00000000e4500000| Untracked 
|  70|0x00000000e4600000, 0x00000000e4600000, 0x00000000e4700000|  0%| F|  |TAMS 0x00000000e4600000, 0x00000000e4600000| Untracked 
|  71|0x00000000e4700000, 0x00000000e4700000, 0x00000000e4800000|  0%| F|  |TAMS 0x00000000e4700000, 0x00000000e4700000| Untracked 
|  72|0x00000000e4800000, 0x00000000e4800000, 0x00000000e4900000|  0%| F|  |TAMS 0x00000000e4800000, 0x00000000e4800000| Untracked 
|  73|0x00000000e4900000, 0x00000000e4900000, 0x00000000e4a00000|  0%| F|  |TAMS 0x00000000e4900000, 0x00000000e4900000| Untracked 
|  74|0x00000000e4a00000, 0x00000000e4a00000, 0x00000000e4b00000|  0%| F|  |TAMS 0x00000000e4a00000, 0x00000000e4a00000| Untracked 
|  75|0x00000000e4b00000, 0x00000000e4b00000, 0x00000000e4c00000|  0%| F|  |TAMS 0x00000000e4b00000, 0x00000000e4b00000| Untracked 
|  76|0x00000000e4c00000, 0x00000000e4c00000, 0x00000000e4d00000|  0%| F|  |TAMS 0x00000000e4c00000, 0x00000000e4c00000| Untracked 
|  77|0x00000000e4d00000, 0x00000000e4d00000, 0x00000000e4e00000|  0%| F|  |TAMS 0x00000000e4d00000, 0x00000000e4d00000| Untracked 
|  78|0x00000000e4e00000, 0x00000000e4e00000, 0x00000000e4f00000|  0%| F|  |TAMS 0x00000000e4e00000, 0x00000000e4e00000| Untracked 
|  79|0x00000000e4f00000, 0x00000000e4f00000, 0x00000000e5000000|  0%| F|  |TAMS 0x00000000e4f00000, 0x00000000e4f00000| Untracked 
|  80|0x00000000e5000000, 0x00000000e5000000, 0x00000000e5100000|  0%| F|  |TAMS 0x00000000e5000000, 0x00000000e5000000| Untracked 
|  81|0x00000000e5100000, 0x00000000e5100000, 0x00000000e5200000|  0%| F|  |TAMS 0x00000000e5100000, 0x00000000e5100000| Untracked 
|  82|0x00000000e5200000, 0x00000000e5200000, 0x00000000e5300000|  0%| F|  |TAMS 0x00000000e5200000, 0x00000000e5200000| Untracked 
|  83|0x00000000e5300000, 0x00000000e5300000, 0x00000000e5400000|  0%| F|  |TAMS 0x00000000e5300000, 0x00000000e5300000| Untracked 
|  84|0x00000000e5400000, 0x00000000e5400000, 0x00000000e5500000|  0%| F|  |TAMS 0x00000000e5400000, 0x00000000e5400000| Untracked 
|  85|0x00000000e5500000, 0x00000000e5500000, 0x00000000e5600000|  0%| F|  |TAMS 0x00000000e5500000, 0x00000000e5500000| Untracked 
|  86|0x00000000e5600000, 0x00000000e5600000, 0x00000000e5700000|  0%| F|  |TAMS 0x00000000e5600000, 0x00000000e5600000| Untracked 
|  87|0x00000000e5700000, 0x00000000e5700000, 0x00000000e5800000|  0%| F|  |TAMS 0x00000000e5700000, 0x00000000e5700000| Untracked 
|  88|0x00000000e5800000, 0x00000000e5800000, 0x00000000e5900000|  0%| F|  |TAMS 0x00000000e5800000, 0x00000000e5800000| Untracked 
|  89|0x00000000e5900000, 0x00000000e5900000, 0x00000000e5a00000|  0%| F|  |TAMS 0x00000000e5900000, 0x00000000e5900000| Untracked 
|  90|0x00000000e5a00000, 0x00000000e5a00000, 0x00000000e5b00000|  0%| F|  |TAMS 0x00000000e5a00000, 0x00000000e5a00000| Untracked 
|  91|0x00000000e5b00000, 0x00000000e5b00000, 0x00000000e5c00000|  0%| F|  |TAMS 0x00000000e5b00000, 0x00000000e5b00000| Untracked 
|  92|0x00000000e5c00000, 0x00000000e5c00000, 0x00000000e5d00000|  0%| F|  |TAMS 0x00000000e5c00000, 0x00000000e5c00000| Untracked 
|  93|0x00000000e5d00000, 0x00000000e5d00000, 0x00000000e5e00000|  0%| F|  |TAMS 0x00000000e5d00000, 0x00000000e5d00000| Untracked 
|  94|0x00000000e5e00000, 0x00000000e5e00000, 0x00000000e5f00000|  0%| F|  |TAMS 0x00000000e5e00000, 0x00000000e5e00000| Untracked 
|  95|0x00000000e5f00000, 0x00000000e5f00000, 0x00000000e6000000|  0%| F|  |TAMS 0x00000000e5f00000, 0x00000000e5f00000| Untracked 
|  96|0x00000000e6000000, 0x00000000e6000000, 0x00000000e6100000|  0%| F|  |TAMS 0x00000000e6000000, 0x00000000e6000000| Untracked 
|  97|0x00000000e6100000, 0x00000000e6100000, 0x00000000e6200000|  0%| F|  |TAMS 0x00000000e6100000, 0x00000000e6100000| Untracked 
|  98|0x00000000e6200000, 0x00000000e6200000, 0x00000000e6300000|  0%| F|  |TAMS 0x00000000e6200000, 0x00000000e6200000| Untracked 
|  99|0x00000000e6300000, 0x00000000e6300000, 0x00000000e6400000|  0%| F|  |TAMS 0x00000000e6300000, 0x00000000e6300000| Untracked 
| 100|0x00000000e6400000, 0x00000000e6400000, 0x00000000e6500000|  0%| F|  |TAMS 0x00000000e6400000, 0x00000000e6400000| Untracked 
| 101|0x00000000e6500000, 0x00000000e6500000, 0x00000000e6600000|  0%| F|  |TAMS 0x00000000e6500000, 0x00000000e6500000| Untracked 
| 102|0x00000000e6600000, 0x00000000e6600000, 0x00000000e6700000|  0%| F|  |TAMS 0x00000000e6600000, 0x00000000e6600000| Untracked 
| 103|0x00000000e6700000, 0x00000000e6700000, 0x00000000e6800000|  0%| F|  |TAMS 0x00000000e6700000, 0x00000000e6700000| Untracked 
| 104|0x00000000e6800000, 0x00000000e6800000, 0x00000000e6900000|  0%| F|  |TAMS 0x00000000e6800000, 0x00000000e6800000| Untracked 
| 105|0x00000000e6900000, 0x00000000e6900000, 0x00000000e6a00000|  0%| F|  |TAMS 0x00000000e6900000, 0x00000000e6900000| Untracked 
| 106|0x00000000e6a00000, 0x00000000e6a00000, 0x00000000e6b00000|  0%| F|  |TAMS 0x00000000e6a00000, 0x00000000e6a00000| Untracked 
| 107|0x00000000e6b00000, 0x00000000e6b00000, 0x00000000e6c00000|  0%| F|  |TAMS 0x00000000e6b00000, 0x00000000e6b00000| Untracked 
| 108|0x00000000e6c00000, 0x00000000e6c00000, 0x00000000e6d00000|  0%| F|  |TAMS 0x00000000e6c00000, 0x00000000e6c00000| Untracked 
| 109|0x00000000e6d00000, 0x00000000e6d00000, 0x00000000e6e00000|  0%| F|  |TAMS 0x00000000e6d00000, 0x00000000e6d00000| Untracked 
| 110|0x00000000e6e00000, 0x00000000e6e00000, 0x00000000e6f00000|  0%| F|  |TAMS 0x00000000e6e00000, 0x00000000e6e00000| Untracked 
| 111|0x00000000e6f00000, 0x00000000e6f00000, 0x00000000e7000000|  0%| F|  |TAMS 0x00000000e6f00000, 0x00000000e6f00000| Untracked 
| 112|0x00000000e7000000, 0x00000000e7000000, 0x00000000e7100000|  0%| F|  |TAMS 0x00000000e7000000, 0x00000000e7000000| Untracked 
| 113|0x00000000e7100000, 0x00000000e7100000, 0x00000000e7200000|  0%| F|  |TAMS 0x00000000e7100000, 0x00000000e7100000| Untracked 
| 114|0x00000000e7200000, 0x00000000e7200000, 0x00000000e7300000|  0%| F|  |TAMS 0x00000000e7200000, 0x00000000e7200000| Untracked 
| 115|0x00000000e7300000, 0x00000000e7300000, 0x00000000e7400000|  0%| F|  |TAMS 0x00000000e7300000, 0x00000000e7300000| Untracked 
| 116|0x00000000e7400000, 0x00000000e7400000, 0x00000000e7500000|  0%| F|  |TAMS 0x00000000e7400000, 0x00000000e7400000| Untracked 
| 117|0x00000000e7500000, 0x00000000e7500000, 0x00000000e7600000|  0%| F|  |TAMS 0x00000000e7500000, 0x00000000e7500000| Untracked 
| 118|0x00000000e7600000, 0x00000000e7600000, 0x00000000e7700000|  0%| F|  |TAMS 0x00000000e7600000, 0x00000000e7600000| Untracked 
| 119|0x00000000e7700000, 0x00000000e7700000, 0x00000000e7800000|  0%| F|  |TAMS 0x00000000e7700000, 0x00000000e7700000| Untracked 
| 120|0x00000000e7800000, 0x00000000e7800000, 0x00000000e7900000|  0%| F|  |TAMS 0x00000000e7800000, 0x00000000e7800000| Untracked 
| 121|0x00000000e7900000, 0x00000000e7900000, 0x00000000e7a00000|  0%| F|  |TAMS 0x00000000e7900000, 0x00000000e7900000| Untracked 
| 122|0x00000000e7a00000, 0x00000000e7a00000, 0x00000000e7b00000|  0%| F|  |TAMS 0x00000000e7a00000, 0x00000000e7a00000| Untracked 
| 123|0x00000000e7b00000, 0x00000000e7b00000, 0x00000000e7c00000|  0%| F|  |TAMS 0x00000000e7b00000, 0x00000000e7b00000| Untracked 
| 124|0x00000000e7c00000, 0x00000000e7c00000, 0x00000000e7d00000|  0%| F|  |TAMS 0x00000000e7c00000, 0x00000000e7c00000| Untracked 
| 125|0x00000000e7d00000, 0x00000000e7d00000, 0x00000000e7e00000|  0%| F|  |TAMS 0x00000000e7d00000, 0x00000000e7d00000| Untracked 
| 126|0x00000000e7e00000, 0x00000000e7e00000, 0x00000000e7f00000|  0%| F|  |TAMS 0x00000000e7e00000, 0x00000000e7e00000| Untracked 
| 127|0x00000000e7f00000, 0x00000000e7f00000, 0x00000000e8000000|  0%| F|  |TAMS 0x00000000e7f00000, 0x00000000e7f00000| Untracked 
| 128|0x00000000e8000000, 0x00000000e8000000, 0x00000000e8100000|  0%| F|  |TAMS 0x00000000e8000000, 0x00000000e8000000| Untracked 
| 129|0x00000000e8100000, 0x00000000e8100000, 0x00000000e8200000|  0%| F|  |TAMS 0x00000000e8100000, 0x00000000e8100000| Untracked 
| 130|0x00000000e8200000, 0x00000000e8200000, 0x00000000e8300000|  0%| F|  |TAMS 0x00000000e8200000, 0x00000000e8200000| Untracked 
| 131|0x00000000e8300000, 0x00000000e8300000, 0x00000000e8400000|  0%| F|  |TAMS 0x00000000e8300000, 0x00000000e8300000| Untracked 
| 132|0x00000000e8400000, 0x00000000e8400000, 0x00000000e8500000|  0%| F|  |TAMS 0x00000000e8400000, 0x00000000e8400000| Untracked 
| 133|0x00000000e8500000, 0x00000000e8500000, 0x00000000e8600000|  0%| F|  |TAMS 0x00000000e8500000, 0x00000000e8500000| Untracked 
| 134|0x00000000e8600000, 0x00000000e864f150, 0x00000000e8700000| 30%| S|CS|TAMS 0x00000000e8600000, 0x00000000e8600000| Complete 
| 135|0x00000000e8700000, 0x00000000e8800000, 0x00000000e8800000|100%| S|CS|TAMS 0x00000000e8700000, 0x00000000e8700000| Complete 
| 136|0x00000000e8800000, 0x00000000e8900000, 0x00000000e8900000|100%| S|CS|TAMS 0x00000000e8800000, 0x00000000e8800000| Complete 
| 137|0x00000000e8900000, 0x00000000e8a00000, 0x00000000e8a00000|100%| S|CS|TAMS 0x00000000e8900000, 0x00000000e8900000| Complete 
| 138|0x00000000e8a00000, 0x00000000e8b00000, 0x00000000e8b00000|100%| S|CS|TAMS 0x00000000e8a00000, 0x00000000e8a00000| Complete 
| 139|0x00000000e8b00000, 0x00000000e8c00000, 0x00000000e8c00000|100%| S|CS|TAMS 0x00000000e8b00000, 0x00000000e8b00000| Complete 
| 140|0x00000000e8c00000, 0x00000000e8d00000, 0x00000000e8d00000|100%| S|CS|TAMS 0x00000000e8c00000, 0x00000000e8c00000| Complete 
| 141|0x00000000e8d00000, 0x00000000e8e00000, 0x00000000e8e00000|100%| S|CS|TAMS 0x00000000e8d00000, 0x00000000e8d00000| Complete 
| 142|0x00000000e8e00000, 0x00000000e8f00000, 0x00000000e8f00000|100%| S|CS|TAMS 0x00000000e8e00000, 0x00000000e8e00000| Complete 
| 143|0x00000000e8f00000, 0x00000000e9000000, 0x00000000e9000000|100%| S|CS|TAMS 0x00000000e8f00000, 0x00000000e8f00000| Complete 
| 144|0x00000000e9000000, 0x00000000e9100000, 0x00000000e9100000|100%| S|CS|TAMS 0x00000000e9000000, 0x00000000e9000000| Complete 
| 145|0x00000000e9100000, 0x00000000e9200000, 0x00000000e9200000|100%| S|CS|TAMS 0x00000000e9100000, 0x00000000e9100000| Complete 
| 146|0x00000000e9200000, 0x00000000e9200000, 0x00000000e9300000|  0%| F|  |TAMS 0x00000000e9200000, 0x00000000e9200000| Untracked 
| 147|0x00000000e9300000, 0x00000000e9300000, 0x00000000e9400000|  0%| F|  |TAMS 0x00000000e9300000, 0x00000000e9300000| Untracked 
| 148|0x00000000e9400000, 0x00000000e9400000, 0x00000000e9500000|  0%| F|  |TAMS 0x00000000e9400000, 0x00000000e9400000| Untracked 
| 149|0x00000000e9500000, 0x00000000e9500000, 0x00000000e9600000|  0%| F|  |TAMS 0x00000000e9500000, 0x00000000e9500000| Untracked 
| 150|0x00000000e9600000, 0x00000000e9600000, 0x00000000e9700000|  0%| F|  |TAMS 0x00000000e9600000, 0x00000000e9600000| Untracked 
| 151|0x00000000e9700000, 0x00000000e9700000, 0x00000000e9800000|  0%| F|  |TAMS 0x00000000e9700000, 0x00000000e9700000| Untracked 
| 152|0x00000000e9800000, 0x00000000e9800000, 0x00000000e9900000|  0%| F|  |TAMS 0x00000000e9800000, 0x00000000e9800000| Untracked 
| 153|0x00000000e9900000, 0x00000000e9900000, 0x00000000e9a00000|  0%| F|  |TAMS 0x00000000e9900000, 0x00000000e9900000| Untracked 
| 154|0x00000000e9a00000, 0x00000000e9a80800, 0x00000000e9b00000| 50%| E|  |TAMS 0x00000000e9a00000, 0x00000000e9a00000| Complete 
| 155|0x00000000e9b00000, 0x00000000e9c00000, 0x00000000e9c00000|100%| E|CS|TAMS 0x00000000e9b00000, 0x00000000e9b00000| Complete 
| 156|0x00000000e9c00000, 0x00000000e9d00000, 0x00000000e9d00000|100%| E|CS|TAMS 0x00000000e9c00000, 0x00000000e9c00000| Complete 
| 157|0x00000000e9d00000, 0x00000000e9e00000, 0x00000000e9e00000|100%| E|CS|TAMS 0x00000000e9d00000, 0x00000000e9d00000| Complete 
| 158|0x00000000e9e00000, 0x00000000e9f00000, 0x00000000e9f00000|100%| E|CS|TAMS 0x00000000e9e00000, 0x00000000e9e00000| Complete 
| 159|0x00000000e9f00000, 0x00000000ea000000, 0x00000000ea000000|100%| E|CS|TAMS 0x00000000e9f00000, 0x00000000e9f00000| Complete 
| 160|0x00000000ea000000, 0x00000000ea100000, 0x00000000ea100000|100%| E|CS|TAMS 0x00000000ea000000, 0x00000000ea000000| Complete 
| 161|0x00000000ea100000, 0x00000000ea200000, 0x00000000ea200000|100%| E|CS|TAMS 0x00000000ea100000, 0x00000000ea100000| Complete 
| 162|0x00000000ea200000, 0x00000000ea300000, 0x00000000ea300000|100%| E|CS|TAMS 0x00000000ea200000, 0x00000000ea200000| Complete 
| 163|0x00000000ea300000, 0x00000000ea400000, 0x00000000ea400000|100%| E|CS|TAMS 0x00000000ea300000, 0x00000000ea300000| Complete 
| 164|0x00000000ea400000, 0x00000000ea500000, 0x00000000ea500000|100%| E|CS|TAMS 0x00000000ea400000, 0x00000000ea400000| Complete 
| 165|0x00000000ea500000, 0x00000000ea600000, 0x00000000ea600000|100%| E|CS|TAMS 0x00000000ea500000, 0x00000000ea500000| Complete 
| 166|0x00000000ea600000, 0x00000000ea700000, 0x00000000ea700000|100%| E|CS|TAMS 0x00000000ea600000, 0x00000000ea600000| Complete 
| 167|0x00000000ea700000, 0x00000000ea800000, 0x00000000ea800000|100%| E|CS|TAMS 0x00000000ea700000, 0x00000000ea700000| Complete 
| 168|0x00000000ea800000, 0x00000000ea900000, 0x00000000ea900000|100%| E|CS|TAMS 0x00000000ea800000, 0x00000000ea800000| Complete 
| 169|0x00000000ea900000, 0x00000000eaa00000, 0x00000000eaa00000|100%| E|CS|TAMS 0x00000000ea900000, 0x00000000ea900000| Complete 
| 170|0x00000000eaa00000, 0x00000000eab00000, 0x00000000eab00000|100%| E|CS|TAMS 0x00000000eaa00000, 0x00000000eaa00000| Complete 
| 171|0x00000000eab00000, 0x00000000eac00000, 0x00000000eac00000|100%| E|CS|TAMS 0x00000000eab00000, 0x00000000eab00000| Complete 
| 172|0x00000000eac00000, 0x00000000ead00000, 0x00000000ead00000|100%| E|CS|TAMS 0x00000000eac00000, 0x00000000eac00000| Complete 
| 173|0x00000000ead00000, 0x00000000eae00000, 0x00000000eae00000|100%| E|CS|TAMS 0x00000000ead00000, 0x00000000ead00000| Complete 
| 174|0x00000000eae00000, 0x00000000eaf00000, 0x00000000eaf00000|100%| E|CS|TAMS 0x00000000eae00000, 0x00000000eae00000| Complete 
| 175|0x00000000eaf00000, 0x00000000eb000000, 0x00000000eb000000|100%| E|CS|TAMS 0x00000000eaf00000, 0x00000000eaf00000| Complete 
| 176|0x00000000eb000000, 0x00000000eb100000, 0x00000000eb100000|100%| E|CS|TAMS 0x00000000eb000000, 0x00000000eb000000| Complete 
| 177|0x00000000eb100000, 0x00000000eb200000, 0x00000000eb200000|100%| E|CS|TAMS 0x00000000eb100000, 0x00000000eb100000| Complete 
| 178|0x00000000eb200000, 0x00000000eb300000, 0x00000000eb300000|100%| E|  |TAMS 0x00000000eb200000, 0x00000000eb200000| Complete 
| 179|0x00000000eb300000, 0x00000000eb400000, 0x00000000eb400000|100%| E|CS|TAMS 0x00000000eb300000, 0x00000000eb300000| Complete 
| 180|0x00000000eb400000, 0x00000000eb500000, 0x00000000eb500000|100%| E|CS|TAMS 0x00000000eb400000, 0x00000000eb400000| Complete 
| 181|0x00000000eb500000, 0x00000000eb600000, 0x00000000eb600000|100%| E|CS|TAMS 0x00000000eb500000, 0x00000000eb500000| Complete 
| 182|0x00000000eb600000, 0x00000000eb700000, 0x00000000eb700000|100%| E|CS|TAMS 0x00000000eb600000, 0x00000000eb600000| Complete 
| 183|0x00000000eb700000, 0x00000000eb800000, 0x00000000eb800000|100%| E|CS|TAMS 0x00000000eb700000, 0x00000000eb700000| Complete 
| 184|0x00000000eb800000, 0x00000000eb900000, 0x00000000eb900000|100%| E|CS|TAMS 0x00000000eb800000, 0x00000000eb800000| Complete 
| 185|0x00000000eb900000, 0x00000000eba00000, 0x00000000eba00000|100%| E|CS|TAMS 0x00000000eb900000, 0x00000000eb900000| Complete 
| 186|0x00000000eba00000, 0x00000000ebb00000, 0x00000000ebb00000|100%| E|CS|TAMS 0x00000000eba00000, 0x00000000eba00000| Complete 
| 187|0x00000000ebb00000, 0x00000000ebc00000, 0x00000000ebc00000|100%| E|CS|TAMS 0x00000000ebb00000, 0x00000000ebb00000| Complete 
| 188|0x00000000ebc00000, 0x00000000ebd00000, 0x00000000ebd00000|100%| E|CS|TAMS 0x00000000ebc00000, 0x00000000ebc00000| Complete 
| 189|0x00000000ebd00000, 0x00000000ebe00000, 0x00000000ebe00000|100%| E|CS|TAMS 0x00000000ebd00000, 0x00000000ebd00000| Complete 
| 190|0x00000000ebe00000, 0x00000000ebf00000, 0x00000000ebf00000|100%| E|CS|TAMS 0x00000000ebe00000, 0x00000000ebe00000| Complete 
| 191|0x00000000ebf00000, 0x00000000ec000000, 0x00000000ec000000|100%| E|CS|TAMS 0x00000000ebf00000, 0x00000000ebf00000| Complete 
| 192|0x00000000ec000000, 0x00000000ec100000, 0x00000000ec100000|100%| E|CS|TAMS 0x00000000ec000000, 0x00000000ec000000| Complete 
| 193|0x00000000ec100000, 0x00000000ec200000, 0x00000000ec200000|100%| E|CS|TAMS 0x00000000ec100000, 0x00000000ec100000| Complete 
| 194|0x00000000ec200000, 0x00000000ec300000, 0x00000000ec300000|100%| E|CS|TAMS 0x00000000ec200000, 0x00000000ec200000| Complete 
| 195|0x00000000ec300000, 0x00000000ec400000, 0x00000000ec400000|100%| E|CS|TAMS 0x00000000ec300000, 0x00000000ec300000| Complete 
| 196|0x00000000ec400000, 0x00000000ec500000, 0x00000000ec500000|100%| E|CS|TAMS 0x00000000ec400000, 0x00000000ec400000| Complete 
| 197|0x00000000ec500000, 0x00000000ec600000, 0x00000000ec600000|100%| E|CS|TAMS 0x00000000ec500000, 0x00000000ec500000| Complete 
| 198|0x00000000ec600000, 0x00000000ec700000, 0x00000000ec700000|100%| E|CS|TAMS 0x00000000ec600000, 0x00000000ec600000| Complete 
| 199|0x00000000ec700000, 0x00000000ec800000, 0x00000000ec800000|100%| E|CS|TAMS 0x00000000ec700000, 0x00000000ec700000| Complete 
| 200|0x00000000ec800000, 0x00000000ec900000, 0x00000000ec900000|100%| E|CS|TAMS 0x00000000ec800000, 0x00000000ec800000| Complete 
| 201|0x00000000ec900000, 0x00000000eca00000, 0x00000000eca00000|100%| E|CS|TAMS 0x00000000ec900000, 0x00000000ec900000| Complete 
| 202|0x00000000eca00000, 0x00000000ecb00000, 0x00000000ecb00000|100%| E|CS|TAMS 0x00000000eca00000, 0x00000000eca00000| Complete 
| 203|0x00000000ecb00000, 0x00000000ecc00000, 0x00000000ecc00000|100%| E|CS|TAMS 0x00000000ecb00000, 0x00000000ecb00000| Complete 
| 204|0x00000000ecc00000, 0x00000000ecd00000, 0x00000000ecd00000|100%| E|CS|TAMS 0x00000000ecc00000, 0x00000000ecc00000| Complete 
| 205|0x00000000ecd00000, 0x00000000ece00000, 0x00000000ece00000|100%| E|CS|TAMS 0x00000000ecd00000, 0x00000000ecd00000| Complete 
| 206|0x00000000ece00000, 0x00000000ecf00000, 0x00000000ecf00000|100%| E|CS|TAMS 0x00000000ece00000, 0x00000000ece00000| Complete 
| 207|0x00000000ecf00000, 0x00000000ed000000, 0x00000000ed000000|100%| E|CS|TAMS 0x00000000ecf00000, 0x00000000ecf00000| Complete 
| 208|0x00000000ed000000, 0x00000000ed100000, 0x00000000ed100000|100%| E|CS|TAMS 0x00000000ed000000, 0x00000000ed000000| Complete 
| 209|0x00000000ed100000, 0x00000000ed200000, 0x00000000ed200000|100%| E|CS|TAMS 0x00000000ed100000, 0x00000000ed100000| Complete 
| 210|0x00000000ed200000, 0x00000000ed300000, 0x00000000ed300000|100%| E|CS|TAMS 0x00000000ed200000, 0x00000000ed200000| Complete 
| 211|0x00000000ed300000, 0x00000000ed400000, 0x00000000ed400000|100%| E|CS|TAMS 0x00000000ed300000, 0x00000000ed300000| Complete 
| 212|0x00000000ed400000, 0x00000000ed500000, 0x00000000ed500000|100%| E|CS|TAMS 0x00000000ed400000, 0x00000000ed400000| Complete 
| 213|0x00000000ed500000, 0x00000000ed600000, 0x00000000ed600000|100%| E|CS|TAMS 0x00000000ed500000, 0x00000000ed500000| Complete 
| 214|0x00000000ed600000, 0x00000000ed700000, 0x00000000ed700000|100%| E|CS|TAMS 0x00000000ed600000, 0x00000000ed600000| Complete 
| 215|0x00000000ed700000, 0x00000000ed800000, 0x00000000ed800000|100%| E|CS|TAMS 0x00000000ed700000, 0x00000000ed700000| Complete 
| 216|0x00000000ed800000, 0x00000000ed900000, 0x00000000ed900000|100%| E|CS|TAMS 0x00000000ed800000, 0x00000000ed800000| Complete 
| 217|0x00000000ed900000, 0x00000000eda00000, 0x00000000eda00000|100%| E|CS|TAMS 0x00000000ed900000, 0x00000000ed900000| Complete 
| 218|0x00000000eda00000, 0x00000000edb00000, 0x00000000edb00000|100%| E|CS|TAMS 0x00000000eda00000, 0x00000000eda00000| Complete 
| 219|0x00000000edb00000, 0x00000000edc00000, 0x00000000edc00000|100%| E|CS|TAMS 0x00000000edb00000, 0x00000000edb00000| Complete 
| 220|0x00000000edc00000, 0x00000000edd00000, 0x00000000edd00000|100%| E|CS|TAMS 0x00000000edc00000, 0x00000000edc00000| Complete 
| 221|0x00000000edd00000, 0x00000000ede00000, 0x00000000ede00000|100%| E|CS|TAMS 0x00000000edd00000, 0x00000000edd00000| Complete 
| 222|0x00000000ede00000, 0x00000000edf00000, 0x00000000edf00000|100%| E|CS|TAMS 0x00000000ede00000, 0x00000000ede00000| Complete 
| 223|0x00000000edf00000, 0x00000000ee000000, 0x00000000ee000000|100%| E|CS|TAMS 0x00000000edf00000, 0x00000000edf00000| Complete 
| 224|0x00000000ee000000, 0x00000000ee100000, 0x00000000ee100000|100%| E|CS|TAMS 0x00000000ee000000, 0x00000000ee000000| Complete 
| 225|0x00000000ee100000, 0x00000000ee200000, 0x00000000ee200000|100%| E|CS|TAMS 0x00000000ee100000, 0x00000000ee100000| Complete 
| 226|0x00000000ee200000, 0x00000000ee300000, 0x00000000ee300000|100%| E|CS|TAMS 0x00000000ee200000, 0x00000000ee200000| Complete 
| 227|0x00000000ee300000, 0x00000000ee400000, 0x00000000ee400000|100%| E|CS|TAMS 0x00000000ee300000, 0x00000000ee300000| Complete 
| 228|0x00000000ee400000, 0x00000000ee500000, 0x00000000ee500000|100%| E|CS|TAMS 0x00000000ee400000, 0x00000000ee400000| Complete 
| 229|0x00000000ee500000, 0x00000000ee600000, 0x00000000ee600000|100%| E|CS|TAMS 0x00000000ee500000, 0x00000000ee500000| Complete 
| 230|0x00000000ee600000, 0x00000000ee700000, 0x00000000ee700000|100%| E|CS|TAMS 0x00000000ee600000, 0x00000000ee600000| Complete 
| 231|0x00000000ee700000, 0x00000000ee800000, 0x00000000ee800000|100%| E|CS|TAMS 0x00000000ee700000, 0x00000000ee700000| Complete 
| 232|0x00000000ee800000, 0x00000000ee900000, 0x00000000ee900000|100%| E|CS|TAMS 0x00000000ee800000, 0x00000000ee800000| Complete 
| 233|0x00000000ee900000, 0x00000000eea00000, 0x00000000eea00000|100%| E|CS|TAMS 0x00000000ee900000, 0x00000000ee900000| Complete 
| 234|0x00000000eea00000, 0x00000000eeb00000, 0x00000000eeb00000|100%| E|CS|TAMS 0x00000000eea00000, 0x00000000eea00000| Complete 
| 235|0x00000000eeb00000, 0x00000000eec00000, 0x00000000eec00000|100%| E|CS|TAMS 0x00000000eeb00000, 0x00000000eeb00000| Complete 
| 236|0x00000000eec00000, 0x00000000eed00000, 0x00000000eed00000|100%| E|CS|TAMS 0x00000000eec00000, 0x00000000eec00000| Complete 
| 237|0x00000000eed00000, 0x00000000eee00000, 0x00000000eee00000|100%| E|CS|TAMS 0x00000000eed00000, 0x00000000eed00000| Complete 
| 238|0x00000000eee00000, 0x00000000eef00000, 0x00000000eef00000|100%| E|CS|TAMS 0x00000000eee00000, 0x00000000eee00000| Complete 
| 239|0x00000000eef00000, 0x00000000ef000000, 0x00000000ef000000|100%| E|CS|TAMS 0x00000000eef00000, 0x00000000eef00000| Complete 
| 240|0x00000000ef000000, 0x00000000ef100000, 0x00000000ef100000|100%| E|CS|TAMS 0x00000000ef000000, 0x00000000ef000000| Complete 
| 241|0x00000000ef100000, 0x00000000ef200000, 0x00000000ef200000|100%| E|CS|TAMS 0x00000000ef100000, 0x00000000ef100000| Complete 
| 242|0x00000000ef200000, 0x00000000ef300000, 0x00000000ef300000|100%| E|CS|TAMS 0x00000000ef200000, 0x00000000ef200000| Complete 
| 243|0x00000000ef300000, 0x00000000ef400000, 0x00000000ef400000|100%| E|CS|TAMS 0x00000000ef300000, 0x00000000ef300000| Complete 
| 244|0x00000000ef400000, 0x00000000ef500000, 0x00000000ef500000|100%| E|CS|TAMS 0x00000000ef400000, 0x00000000ef400000| Complete 
| 245|0x00000000ef500000, 0x00000000ef600000, 0x00000000ef600000|100%| E|CS|TAMS 0x00000000ef500000, 0x00000000ef500000| Complete 
| 246|0x00000000ef600000, 0x00000000ef700000, 0x00000000ef700000|100%| E|CS|TAMS 0x00000000ef600000, 0x00000000ef600000| Complete 
| 247|0x00000000ef700000, 0x00000000ef800000, 0x00000000ef800000|100%| E|CS|TAMS 0x00000000ef700000, 0x00000000ef700000| Complete 
| 248|0x00000000ef800000, 0x00000000ef900000, 0x00000000ef900000|100%| E|CS|TAMS 0x00000000ef800000, 0x00000000ef800000| Complete 
| 249|0x00000000ef900000, 0x00000000efa00000, 0x00000000efa00000|100%| E|CS|TAMS 0x00000000ef900000, 0x00000000ef900000| Complete 
| 250|0x00000000efa00000, 0x00000000efb00000, 0x00000000efb00000|100%| E|CS|TAMS 0x00000000efa00000, 0x00000000efa00000| Complete 
| 251|0x00000000efb00000, 0x00000000efc00000, 0x00000000efc00000|100%| E|CS|TAMS 0x00000000efb00000, 0x00000000efb00000| Complete 
| 252|0x00000000efc00000, 0x00000000efd00000, 0x00000000efd00000|100%| E|CS|TAMS 0x00000000efc00000, 0x00000000efc00000| Complete 
| 253|0x00000000efd00000, 0x00000000efe00000, 0x00000000efe00000|100%| E|CS|TAMS 0x00000000efd00000, 0x00000000efd00000| Complete 
| 254|0x00000000efe00000, 0x00000000eff00000, 0x00000000eff00000|100%| E|CS|TAMS 0x00000000efe00000, 0x00000000efe00000| Complete 
| 255|0x00000000eff00000, 0x00000000f0000000, 0x00000000f0000000|100%| E|CS|TAMS 0x00000000eff00000, 0x00000000eff00000| Complete 

Card table byte_map: [0x0000028b4cf80000,0x0000028b4d080000] _byte_map_base: 0x0000028b4c880000

Marking Bits (Prev, Next): (CMBitMap*) 0x0000028b344e4d00, (CMBitMap*) 0x0000028b344e4cc0
 Prev Bits: [0x0000028b4d980000, 0x0000028b4e180000)
 Next Bits: [0x0000028b4d180000, 0x0000028b4d980000)

Polling page: 0x0000028b33c80000

Metaspace:

Usage:
  Non-class:     28.94 MB used.
      Class:      4.60 MB used.
       Both:     33.54 MB used.

Virtual space:
  Non-class space:       64.00 MB reserved,      29.19 MB ( 46%) committed,  1 nodes.
      Class space:      320.00 MB reserved,       4.75 MB (  1%) committed,  1 nodes.
             Both:      384.00 MB reserved,      33.94 MB (  9%) committed. 

Chunk freelists:
   Non-Class:  2.62 MB
       Class:  11.26 MB
        Both:  13.88 MB

MaxMetaspaceSize: 384.00 MB
CompressedClassSpaceSize: 320.00 MB
Initial GC threshold: 21.00 MB
Current GC threshold: 35.12 MB
CDS: on
MetaspaceReclaimPolicy: balanced
 - commit_granule_bytes: 65536.
 - commit_granule_words: 8192.
 - virtual_space_node_default_size: 8388608.
 - enlarge_chunks_in_place: 1.
 - new_chunks_are_fully_committed: 0.
 - uncommit_free_chunks: 1.
 - use_allocation_guard: 0.
 - handle_deallocations: 1.


Internal statistics:

num_allocs_failed_limit: 3.
num_arena_births: 370.
num_arena_deaths: 0.
num_vsnodes_births: 2.
num_vsnodes_deaths: 0.
num_space_committed: 543.
num_space_uncommitted: 0.
num_chunks_returned_to_freelist: 3.
num_chunks_taken_from_freelist: 1558.
num_chunk_merges: 3.
num_chunk_splits: 1050.
num_chunks_enlarged: 741.
num_inconsistent_stats: 0.

CodeHeap 'non-profiled nmethods': size=119744Kb used=1625Kb max_used=1625Kb free=118119Kb
 bounds [0x0000028b45a90000, 0x0000028b45d00000, 0x0000028b4cf80000]
CodeHeap 'profiled nmethods': size=119744Kb used=9742Kb max_used=9742Kb free=110001Kb
 bounds [0x0000028b3df80000, 0x0000028b3e910000, 0x0000028b45470000]
CodeHeap 'non-nmethods': size=6272Kb used=1606Kb max_used=1822Kb free=4665Kb
 bounds [0x0000028b45470000, 0x0000028b456e0000, 0x0000028b45a90000]
 total_blobs=4690 nmethods=4031 adapters=569
 compilation: enabled
              stopped_count=0, restarted_count=0
 full_count=0

JVMCI Events (20 events):
Event: 14.957 Thread 0x0000028b5075eb40 compacted oop handles in JVMCI runtime 0 from 157 to 156
Event: 15.234 Thread 0x0000028b5075eb40 compacted oop handles in JVMCI runtime 0 from 168 to 105
Event: 15.553 Thread 0x0000028b5075eb40 compacted oop handles in JVMCI runtime 0 from 128 to 126
Event: 15.688 Thread 0x0000028b5075eb40 compacted oop handles in JVMCI runtime 0 from 129 to 128
Event: 15.859 Thread 0x0000028b5075eb40 compacted oop handles in JVMCI runtime 0 from 135 to 106
Event: 15.886 Thread 0x0000028b5075eb40 compacted oop handles in JVMCI runtime 0 from 109 to 108
Event: 16.405 Thread 0x0000028b5075eb40 compacted oop handles in JVMCI runtime 0 from 171 to 167
Event: 16.421 Thread 0x0000028b5075eb40 compacted oop handles in JVMCI runtime 0 from 174 to 122
Event: 16.511 Thread 0x0000028b5075eb40 compacted oop handles in JVMCI runtime 0 from 148 to 138
Event: 16.793 Thread 0x0000028b5075eb40 compacted oop handles in JVMCI runtime 0 from 186 to 173
Event: 16.793 Thread 0x0000028b5075eb40 compacted oop handles in JVMCI runtime 0 from 174 to 158
Event: 16.800 Thread 0x0000028b5075eb40 compacted oop handles in JVMCI runtime 0 from 169 to 167
Event: 16.819 Thread 0x0000028b5075eb40 compacted oop handles in JVMCI runtime 0 from 184 to 171
Event: 16.833 Thread 0x0000028b5075eb40 compacted oop handles in JVMCI runtime 0 from 172 to 171
Event: 16.855 Thread 0x0000028b5075eb40 compacted oop handles in JVMCI runtime 0 from 177 to 175
Event: 16.867 Thread 0x0000028b5075eb40 compacted oop handles in JVMCI runtime 0 from 178 to 177
Event: 16.868 Thread 0x0000028b5075eb40 compacted oop handles in JVMCI runtime 0 from 178 to 118
Event: 16.887 Thread 0x0000028b5075eb40 compacted oop handles in JVMCI runtime 0 from 126 to 125
Event: 17.053 Thread 0x0000028b5075eb40 compacted oop handles in JVMCI runtime 0 from 176 to 163
Event: 17.053 Thread 0x0000028b5075eb40 compacted oop handles in JVMCI runtime 0 from 164 to 144

Compilation events (20 events):
Event: 17.132 Thread 0x0000028b5078ec60 4027       3       groovy.lang.MetaClassImpl::getPropName (19 bytes)
Event: 17.133 Thread 0x0000028b5078ec60 nmethod 4027 0x0000028b3e8f9a90 code [0x0000028b3e8f9c80, 0x0000028b3e8fa318]
Event: 17.133 Thread 0x0000028b5078ec60 4028       3       groovy.lang.MetaClassImpl$$Lambda$535/0x0000028b524a0000::<init> (10 bytes)
Event: 17.133 Thread 0x0000028b5078ec60 nmethod 4028 0x0000028b3e8fa590 code [0x0000028b3e8fa720, 0x0000028b3e8fa8d8]
Event: 17.133 Thread 0x0000028b5078ec60 4029       3       groovy.lang.MetaClassImpl::createMetaBeanProperty (35 bytes)
Event: 17.134 Thread 0x0000028b5078ec60 nmethod 4029 0x0000028b3e8fa990 code [0x0000028b3e8fab60, 0x0000028b3e8fb448]
Event: 17.134 Thread 0x0000028b5078ec60 4030       3       groovy.lang.MetaClassImpl::makeReplacementMetaProperty (241 bytes)
Event: 17.136 Thread 0x0000028b5078ec60 nmethod 4030 0x0000028b3e8fb610 code [0x0000028b3e8fba20, 0x0000028b3e8ffc48]
Event: 17.136 Thread 0x0000028b5078ec60 4023       3       groovy.lang.MetaMethod::isStatic (16 bytes)
Event: 17.136 Thread 0x0000028b5078ec60 nmethod 4023 0x0000028b3e900510 code [0x0000028b3e9006c0, 0x0000028b3e900a48]
Event: 17.136 Thread 0x0000028b5078ec60 4018       1       java.util.TreeMap$Entry::getKey (5 bytes)
Event: 17.136 Thread 0x0000028b5078ec60 nmethod 4018 0x0000028b45c25510 code [0x0000028b45c256a0, 0x0000028b45c25778]
Event: 17.187 Thread 0x0000028b5078ec60 4031       3       java.beans.FeatureDescriptor::setClass0 (9 bytes)
Event: 17.187 Thread 0x0000028b5078ec60 nmethod 4031 0x0000028b3e900b10 code [0x0000028b3e900ce0, 0x0000028b3e901088]
Event: 17.188 Thread 0x0000028b5078ec60 4032       1       groovy.lang.MetaBeanProperty::getSetter (5 bytes)
Event: 17.188 Thread 0x0000028b5078ec60 nmethod 4032 0x0000028b45c25810 code [0x0000028b45c259a0, 0x0000028b45c25a78]
Event: 17.188 Thread 0x0000028b5078ec60 4033       1       org.codehaus.groovy.reflection.GeneratedMetaMethod::getReturnType (5 bytes)
Event: 17.188 Thread 0x0000028b5078ec60 nmethod 4033 0x0000028b45c25b10 code [0x0000028b45c25ca0, 0x0000028b45c25d78]
Event: 17.190 Thread 0x0000028b5078ec60 4034       3       org.gradle.internal.service.DefaultServiceRegistry::unwrap (75 bytes)
Event: 17.191 Thread 0x0000028b5078ec60 nmethod 4034 0x0000028b3e901210 code [0x0000028b3e901460, 0x0000028b3e903278]

GC Heap History (8 events):
Event: 1.295 GC heap before
{Heap before GC invocations=0 (full 0):
 garbage-first heap   total 262144K, used 12288K [0x00000000e0000000, 0x0000000100000000)
  region size 1024K, 13 young (13312K), 0 survivors (0K)
 Metaspace       used 1195K, committed 1344K, reserved 393216K
  class space    used 85K, committed 128K, reserved 327680K
}
Event: 1.300 GC heap after
{Heap after GC invocations=1 (full 0):
 garbage-first heap   total 262144K, used 3514K [0x00000000e0000000, 0x0000000100000000)
  region size 1024K, 2 young (2048K), 2 survivors (2048K)
 Metaspace       used 1195K, committed 1344K, reserved 393216K
  class space    used 85K, committed 128K, reserved 327680K
}
Event: 2.162 GC heap before
{Heap before GC invocations=1 (full 0):
 garbage-first heap   total 262144K, used 21946K [0x00000000e0000000, 0x0000000100000000)
  region size 1024K, 17 young (17408K), 2 survivors (2048K)
 Metaspace       used 4103K, committed 4288K, reserved 393216K
  class space    used 484K, committed 576K, reserved 327680K
}
Event: 2.166 GC heap after
{Heap after GC invocations=2 (full 0):
 garbage-first heap   total 262144K, used 10912K [0x00000000e0000000, 0x0000000100000000)
  region size 1024K, 3 young (3072K), 3 survivors (3072K)
 Metaspace       used 4103K, committed 4288K, reserved 393216K
  class space    used 484K, committed 576K, reserved 327680K
}
Event: 2.884 GC heap before
{Heap before GC invocations=2 (full 0):
 garbage-first heap   total 262144K, used 34464K [0x00000000e0000000, 0x0000000100000000)
  region size 1024K, 26 young (26624K), 3 survivors (3072K)
 Metaspace       used 4414K, committed 4544K, reserved 393216K
  class space    used 502K, committed 576K, reserved 327680K
}
Event: 2.887 GC heap after
{Heap after GC invocations=3 (full 0):
 garbage-first heap   total 262144K, used 11539K [0x00000000e0000000, 0x0000000100000000)
  region size 1024K, 1 young (1024K), 1 survivors (1024K)
 Metaspace       used 4414K, committed 4544K, reserved 393216K
  class space    used 502K, committed 576K, reserved 327680K
}
Event: 7.520 GC heap before
{Heap before GC invocations=3 (full 0):
 garbage-first heap   total 262144K, used 122131K [0x00000000e0000000, 0x0000000100000000)
  region size 1024K, 110 young (112640K), 1 survivors (1024K)
 Metaspace       used 21255K, committed 21504K, reserved 393216K
  class space    used 3014K, committed 3136K, reserved 327680K
}
Event: 7.535 GC heap after
{Heap after GC invocations=4 (full 0):
 garbage-first heap   total 262144K, used 22509K [0x00000000e0000000, 0x0000000100000000)
  region size 1024K, 12 young (12288K), 12 survivors (12288K)
 Metaspace       used 21255K, committed 21504K, reserved 393216K
  class space    used 3014K, committed 3136K, reserved 327680K
}

Dll operation events (15 events):
Event: 0.022 Loaded shared library C:\Users\user\.jdks\graalvm-ce-17\bin\java.dll
Event: 0.060 Loaded shared library C:\Users\user\.jdks\graalvm-ce-17\bin\jsvml.dll
Event: 0.316 Loaded shared library C:\Users\user\.jdks\graalvm-ce-17\bin\zip.dll
Event: 0.329 Loaded shared library C:\Users\user\.jdks\graalvm-ce-17\bin\jvmcicompiler.dll
Event: 0.360 Loaded shared library C:\Users\user\.jdks\graalvm-ce-17\bin\instrument.dll
Event: 0.382 Loaded shared library C:\Users\user\.jdks\graalvm-ce-17\bin\net.dll
Event: 0.384 Loaded shared library C:\Users\user\.jdks\graalvm-ce-17\bin\nio.dll
Event: 0.400 Loaded shared library C:\Users\user\.jdks\graalvm-ce-17\bin\zip.dll
Event: 1.168 Loaded shared library C:\Users\user\.jdks\graalvm-ce-17\bin\jimage.dll
Event: 1.328 Loaded shared library C:\Users\user\.jdks\graalvm-ce-17\bin\verify.dll
Event: 1.742 Loaded shared library C:\Users\user\.gradle\native\c067742578af261105cb4f569cf0c3c89f3d7b1fecec35dd04571415982c5e48\windows-amd64\native-platform.dll
Event: 1.760 Loaded shared library C:\Users\user\.gradle\native\38dada09dfb8b06ba9b0570ebf7e218e3eb74d4ef43ca46872605cf95ebc2f47\windows-amd64\native-platform-file-events.dll
Event: 3.648 Loaded shared library C:\Users\user\.jdks\graalvm-ce-17\bin\management.dll
Event: 3.654 Loaded shared library C:\Users\user\.jdks\graalvm-ce-17\bin\management_ext.dll
Event: 4.799 Loaded shared library C:\Users\user\.jdks\graalvm-ce-17\bin\sunmscapi.dll

Deoptimization events (20 events):
Event: 15.872 Thread 0x0000028b6dc7f8f0 Uncommon trap: trap_request=0xffffffed fr.pc=0x0000028b45aea249 relative=0x0000000000000629
Event: 15.872 Thread 0x0000028b6dc7f8f0 Uncommon trap: reason=null_assert_or_unreached0 action=reinterpret pc=0x0000028b45aea249 method=jdk.internal.loader.URLClassPath$JarLoader.getResource(Ljava/lang/String;ZLjava/util/Set;)Ljdk/internal/loader/Resource; @ 14 jvmci
Event: 15.872 Thread 0x0000028b6dc7f8f0 DEOPT PACKING pc=0x0000028b45aea249 sp=0x000000e19f7f6550
Event: 15.872 Thread 0x0000028b6dc7f8f0 DEOPT UNPACKING pc=0x0000028b454c6f45 sp=0x000000e19f7f5928 mode 3
Event: 15.879 Thread 0x0000028b6dc7f8f0 Uncommon trap: trap_request=0xffffffed fr.pc=0x0000028b45bc1840 relative=0x0000000000000ce0
Event: 15.879 Thread 0x0000028b6dc7f8f0 Uncommon trap: reason=null_assert_or_unreached0 action=reinterpret pc=0x0000028b45bc1840 method=java.util.zip.ZipFile.getZipEntry(Ljava/lang/String;I)Ljava/util/zip/ZipEntry; @ 0 jvmci
Event: 15.880 Thread 0x0000028b6dc7f8f0 DEOPT PACKING pc=0x0000028b45bc1840 sp=0x000000e19f7f61b0
Event: 15.880 Thread 0x0000028b6dc7f8f0 DEOPT UNPACKING pc=0x0000028b454c6f45 sp=0x000000e19f7f56b0 mode 3
Event: 16.667 Thread 0x0000028b6dc7f8f0 Uncommon trap: trap_request=0xffffffcd fr.pc=0x0000028b45bfd836 relative=0x0000000000000256
Event: 16.667 Thread 0x0000028b6dc7f8f0 Uncommon trap: reason=intrinsic_or_type_checked_inlining action=reinterpret pc=0x0000028b45bfd836 method=java.util.stream.MatchOps$1MatchSink.accept(Ljava/lang/Object;)V @ 0 jvmci
Event: 16.667 Thread 0x0000028b6dc7f8f0 DEOPT PACKING pc=0x0000028b45bfd836 sp=0x000000e19f7f7140
Event: 16.667 Thread 0x0000028b6dc7f8f0 DEOPT UNPACKING pc=0x0000028b454c6f45 sp=0x000000e19f7f65e8 mode 3
Event: 17.108 Thread 0x0000028b6dc7f8f0 Uncommon trap: trap_request=0xffffffed fr.pc=0x0000028b45c0e009 relative=0x0000000000000449
Event: 17.108 Thread 0x0000028b6dc7f8f0 Uncommon trap: reason=null_assert_or_unreached0 action=reinterpret pc=0x0000028b45c0e009 method=java.lang.StringLatin1.lastIndexOf([BII)I @ 38 jvmci
Event: 17.108 Thread 0x0000028b6dc7f8f0 DEOPT PACKING pc=0x0000028b45c0e009 sp=0x000000e19f7f7c10
Event: 17.108 Thread 0x0000028b6dc7f8f0 DEOPT UNPACKING pc=0x0000028b454c6f45 sp=0x000000e19f7f6ed0 mode 3
Event: 17.122 Thread 0x0000028b6dc7f8f0 Uncommon trap: trap_request=0xffffffcd fr.pc=0x0000028b45c15fbd relative=0x0000000000000abd
Event: 17.122 Thread 0x0000028b6dc7f8f0 Uncommon trap: reason=intrinsic_or_type_checked_inlining action=reinterpret pc=0x0000028b45c15fbd method=java.util.regex.Matcher.search(I)Z @ 108 jvmci
Event: 17.122 Thread 0x0000028b6dc7f8f0 DEOPT PACKING pc=0x0000028b45c15fbd sp=0x000000e19f7f8350
Event: 17.122 Thread 0x0000028b6dc7f8f0 DEOPT UNPACKING pc=0x0000028b454c6f45 sp=0x000000e19f7f7830 mode 3

Classes unloaded (0 events):
No events

Classes redefined (0 events):
No events

Internal exceptions (20 events):
Event: 15.916 Thread 0x0000028b6dc7f8f0 Exception <a 'java/lang/ClassNotFoundException'{0x00000000eb567788}: groovy/lang/MetaClassImplCustomizer> (0x00000000eb567788) 
thrown [s\src\hotspot\share\classfile\systemDictionary.cpp, line 256]
Event: 15.925 Thread 0x0000028b6dc7f8f0 Exception <a 'java/lang/ClassNotFoundException'{0x00000000eb59f680}: groovy/lang/ExpandoMetaClassCustomizer> (0x00000000eb59f680) 
thrown [s\src\hotspot\share\classfile\systemDictionary.cpp, line 256]
Event: 17.069 Thread 0x0000028b6dc7f8f0 Exception <a 'java/lang/ClassNotFoundException'{0x00000000e9ffa628}: groovy/lang/BindingBeanInfo> (0x00000000e9ffa628) 
thrown [s\src\hotspot\share\classfile\systemDictionary.cpp, line 256]
Event: 17.071 Thread 0x0000028b6dc7f8f0 Exception <a 'java/lang/ClassNotFoundException'{0x00000000e9e13768}: groovy/lang/GroovyObjectSupportBeanInfo> (0x00000000e9e13768) 
thrown [s\src\hotspot\share\classfile\systemDictionary.cpp, line 256]
Event: 17.072 Thread 0x0000028b6dc7f8f0 Exception <a 'java/lang/ClassNotFoundException'{0x00000000e9e2be60}: groovy/lang/GroovyObjectSupportCustomizer> (0x00000000e9e2be60) 
thrown [s\src\hotspot\share\classfile\systemDictionary.cpp, line 256]
Event: 17.074 Thread 0x0000028b6dc7f8f0 Exception <a 'java/lang/ClassNotFoundException'{0x00000000e9e47920}: groovy/lang/BindingCustomizer> (0x00000000e9e47920) 
thrown [s\src\hotspot\share\classfile\systemDictionary.cpp, line 256]
Event: 17.108 Thread 0x0000028b6dc7f8f0 Exception <a 'java/lang/ClassNotFoundException'{0x00000000e9d8c938}: ijIdeaPluginConfigurator1_a2cr8xm6jgyyx9te22srwzauBeanInfo> (0x00000000e9d8c938) 
thrown [s\src\hotspot\share\classfile\systemDictionary.cpp, line 256]
Event: 17.110 Thread 0x0000028b6dc7f8f0 Exception <a 'java/lang/ClassNotFoundException'{0x00000000e9d97988}: org/gradle/initialization/InitScriptBeanInfo> (0x00000000e9d97988) 
thrown [s\src\hotspot\share\classfile\systemDictionary.cpp, line 256]
Event: 17.111 Thread 0x0000028b6dc7f8f0 Exception <a 'java/lang/ClassNotFoundException'{0x00000000e9da2ad8}: org/gradle/groovy/scripts/DefaultScriptBeanInfo> (0x00000000e9da2ad8) 
thrown [s\src\hotspot\share\classfile\systemDictionary.cpp, line 256]
Event: 17.111 Thread 0x0000028b6dc7f8f0 Exception <a 'java/lang/ClassNotFoundException'{0x00000000e9dadb68}: org/gradle/groovy/scripts/BasicScriptBeanInfo> (0x00000000e9dadb68) 
thrown [s\src\hotspot\share\classfile\systemDictionary.cpp, line 256]
Event: 17.112 Thread 0x0000028b6dc7f8f0 Exception <a 'java/lang/ClassNotFoundException'{0x00000000e9db8b88}: org/gradle/groovy/scripts/ScriptBeanInfo> (0x00000000e9db8b88) 
thrown [s\src\hotspot\share\classfile\systemDictionary.cpp, line 256]
Event: 17.113 Thread 0x0000028b6dc7f8f0 Exception <a 'java/lang/ClassNotFoundException'{0x00000000e9dd1650}: groovy/lang/ScriptBeanInfo> (0x00000000e9dd1650) 
thrown [s\src\hotspot\share\classfile\systemDictionary.cpp, line 256]
Event: 17.114 Thread 0x0000028b6dc7f8f0 Exception <a 'java/lang/ClassNotFoundException'{0x00000000e9de9bb8}: groovy/lang/ScriptCustomizer> (0x00000000e9de9bb8) 
thrown [s\src\hotspot\share\classfile\systemDictionary.cpp, line 256]
Event: 17.117 Thread 0x0000028b6dc7f8f0 Exception <a 'java/lang/ClassNotFoundException'{0x00000000e9dfc910}: org/gradle/groovy/scripts/ScriptCustomizer> (0x00000000e9dfc910) 
thrown [s\src\hotspot\share\classfile\systemDictionary.cpp, line 256]
Event: 17.119 Thread 0x0000028b6dc7f8f0 Exception <a 'java/lang/ClassNotFoundException'{0x00000000e9c0ebb0}: org/gradle/groovy/scripts/BasicScriptCustomizer> (0x00000000e9c0ebb0) 
thrown [s\src\hotspot\share\classfile\systemDictionary.cpp, line 256]
Event: 17.121 Thread 0x0000028b6dc7f8f0 Exception <a 'java/lang/ClassNotFoundException'{0x00000000e9c265d0}: org/gradle/groovy/scripts/DefaultScriptCustomizer> (0x00000000e9c265d0) 
thrown [s\src\hotspot\share\classfile\systemDictionary.cpp, line 256]
Event: 17.124 Thread 0x0000028b6dc7f8f0 Exception <a 'java/lang/ClassNotFoundException'{0x00000000e9c4f290}: org/gradle/initialization/InitScriptCustomizer> (0x00000000e9c4f290) 
thrown [s\src\hotspot\share\classfile\systemDictionary.cpp, line 256]
Event: 17.127 Thread 0x0000028b6dc7f8f0 Exception <a 'java/lang/ClassNotFoundException'{0x00000000e9c5e6f0}: ijIdeaPluginConfigurator1_a2cr8xm6jgyyx9te22srwzauCustomizer> (0x00000000e9c5e6f0) 
thrown [s\src\hotspot\share\classfile\systemDictionary.cpp, line 256]
Event: 17.186 Thread 0x0000028b6dc7f8f0 Exception <a 'java/lang/ClassNotFoundException'{0x00000000e9b22c58}: org/gradle/internal/extensibility/DefaultExtraPropertiesExtensionBeanInfo> (0x00000000e9b22c58) 
thrown [s\src\hotspot\share\classfile\systemDictionary.cpp, line 256]
Event: 17.186 Thread 0x0000028b6dc7f8f0 Exception <a 'java/lang/ClassNotFoundException'{0x00000000e9b2e2f8}: org/gradle/internal/extensibility/DefaultExtraPropertiesExtensionCustomizer> (0x00000000e9b2e2f8) 
thrown [s\src\hotspot\share\classfile\systemDictionary.cpp, line 256]

VM Operations (20 events):
Event: 14.626 Executing VM operation: Cleanup
Event: 14.628 Executing VM operation: Cleanup done
Event: 14.670 Executing VM operation: HandshakeAllThreads
Event: 14.670 Executing VM operation: HandshakeAllThreads done
Event: 15.685 Executing VM operation: Cleanup
Event: 15.686 Executing VM operation: Cleanup done
Event: 15.713 Executing VM operation: HandshakeAllThreads
Event: 15.713 Executing VM operation: HandshakeAllThreads done
Event: 16.283 Executing VM operation: HandshakeAllThreads
Event: 16.283 Executing VM operation: HandshakeAllThreads done
Event: 16.284 Executing VM operation: HandshakeAllThreads
Event: 16.284 Executing VM operation: HandshakeAllThreads done
Event: 16.352 Executing VM operation: HandshakeAllThreads
Event: 16.352 Executing VM operation: HandshakeAllThreads done
Event: 16.358 Executing VM operation: HandshakeAllThreads
Event: 16.359 Executing VM operation: HandshakeAllThreads done
Event: 16.695 Executing VM operation: HandshakeAllThreads
Event: 16.696 Executing VM operation: HandshakeAllThreads done
Event: 16.696 Executing VM operation: Cleanup
Event: 16.696 Executing VM operation: Cleanup done

Events (20 events):
Event: 16.693 loading class jdk/internal/jrtfs/SystemImage$1
Event: 16.693 loading class jdk/internal/jrtfs/SystemImage$1 done
Event: 16.694 loading class jdk/internal/jimage/ImageReader$SharedImageReader$LocationVisitor
Event: 16.694 loading class jdk/internal/jimage/ImageReader$SharedImageReader$LocationVisitor done
Event: 16.694 loading class java/nio/ByteBufferAsIntBufferL
Event: 16.695 loading class java/nio/ByteBufferAsIntBufferL done
Event: 16.740 loading class jdk/internal/jrtfs/JrtFileAttributes
Event: 16.740 loading class jdk/internal/jrtfs/JrtFileAttributes done
Event: 16.741 loading class jdk/internal/jrtfs/JrtDirectoryStream
Event: 16.741 loading class jdk/internal/jrtfs/JrtDirectoryStream done
Event: 16.744 loading class jdk/internal/jrtfs/JrtDirectoryStream$1
Event: 16.745 loading class jdk/internal/jrtfs/JrtDirectoryStream$1 done
Event: 16.745 loading class java/util/function/BooleanSupplier
Event: 16.745 loading class java/util/function/BooleanSupplier done
Event: 16.747 loading class jdk/internal/jimage/ImageReader$Resource
Event: 16.747 loading class jdk/internal/jimage/ImageReader$Resource done
Event: 17.060 loading class java/util/WeakHashMap$KeyIterator
Event: 17.060 loading class java/util/WeakHashMap$HashIterator
Event: 17.060 loading class java/util/WeakHashMap$HashIterator done
Event: 17.060 loading class java/util/WeakHashMap$KeyIterator done


Dynamic libraries:
0x00007ff7825b0000 - 0x00007ff7825be000 	C:\Users\user\.jdks\graalvm-ce-17\bin\java.exe
0x00007ffe8d590000 - 0x00007ffe8d788000 	C:\WINDOWS\SYSTEM32\ntdll.dll
0x00007ffe8d040000 - 0x00007ffe8d0fd000 	C:\WINDOWS\System32\KERNEL32.DLL
0x00007ffe8b060000 - 0x00007ffe8b356000 	C:\WINDOWS\System32\KERNELBASE.dll
0x00007ffe8aea0000 - 0x00007ffe8afa0000 	C:\WINDOWS\System32\ucrtbase.dll
0x00007ffe85a20000 - 0x00007ffe85a3b000 	C:\Users\user\.jdks\graalvm-ce-17\bin\VCRUNTIME140.dll
0x00007ffe85a80000 - 0x00007ffe85a97000 	C:\Users\user\.jdks\graalvm-ce-17\bin\jli.dll
0x00007ffe8b860000 - 0x00007ffe8b9fe000 	C:\WINDOWS\System32\USER32.dll
0x00007ffe8b360000 - 0x00007ffe8b382000 	C:\WINDOWS\System32\win32u.dll
0x00007ffe8b7d0000 - 0x00007ffe8b7fc000 	C:\WINDOWS\System32\GDI32.dll
0x00007ffe7ae90000 - 0x00007ffe7b12a000 	C:\WINDOWS\WinSxS\amd64_microsoft.windows.common-controls_6595b64144ccf1df_6.0.19041.3636_none_60b6a03d71f818d5\COMCTL32.dll
0x00007ffe8b440000 - 0x00007ffe8b55a000 	C:\WINDOWS\System32\gdi32full.dll
0x00007ffe8ae00000 - 0x00007ffe8ae9d000 	C:\WINDOWS\System32\msvcp_win.dll
0x00007ffe8ba60000 - 0x00007ffe8bafe000 	C:\WINDOWS\System32\msvcrt.dll
0x00007ffe8c160000 - 0x00007ffe8c190000 	C:\WINDOWS\System32\IMM32.DLL
0x00007ffe85a10000 - 0x00007ffe85a1c000 	C:\Users\user\.jdks\graalvm-ce-17\bin\vcruntime140_1.dll
0x00007ffe6b0b0000 - 0x00007ffe6b13e000 	C:\Users\user\.jdks\graalvm-ce-17\bin\msvcp140.dll
0x00007ffe30c50000 - 0x00007ffe3181f000 	C:\Users\user\.jdks\graalvm-ce-17\bin\server\jvm.dll
0x00007ffe8d220000 - 0x00007ffe8d2cf000 	C:\WINDOWS\System32\ADVAPI32.dll
0x00007ffe8bfe0000 - 0x00007ffe8c07c000 	C:\WINDOWS\System32\sechost.dll
0x00007ffe8d420000 - 0x00007ffe8d546000 	C:\WINDOWS\System32\RPCRT4.dll
0x00007ffe8a1d0000 - 0x00007ffe8a21b000 	C:\WINDOWS\SYSTEM32\POWRPROF.dll
0x00007ffe75010000 - 0x00007ffe75019000 	C:\WINDOWS\SYSTEM32\WSOCK32.dll
0x00007ffe8bf70000 - 0x00007ffe8bfdb000 	C:\WINDOWS\System32\WS2_32.dll
0x00007ffe7b2f0000 - 0x00007ffe7b317000 	C:\WINDOWS\SYSTEM32\WINMM.dll
0x00007ffe80610000 - 0x00007ffe8061a000 	C:\WINDOWS\SYSTEM32\VERSION.dll
0x00007ffe8a090000 - 0x00007ffe8a0a2000 	C:\WINDOWS\SYSTEM32\UMPDC.dll
0x00007ffe89480000 - 0x00007ffe89492000 	C:\WINDOWS\SYSTEM32\kernel.appcore.dll
0x00007ffe85a00000 - 0x00007ffe85a0a000 	C:\Users\user\.jdks\graalvm-ce-17\bin\jimage.dll
0x00007ffe89150000 - 0x00007ffe89334000 	C:\WINDOWS\SYSTEM32\DBGHELP.DLL
0x00007ffe72f90000 - 0x00007ffe72fc4000 	C:\WINDOWS\SYSTEM32\dbgcore.DLL
0x00007ffe8b560000 - 0x00007ffe8b5e2000 	C:\WINDOWS\System32\bcryptPrimitives.dll
0x00007ffe859c0000 - 0x00007ffe859ce000 	C:\Users\user\.jdks\graalvm-ce-17\bin\instrument.dll
0x00007ffe84840000 - 0x00007ffe84865000 	C:\Users\user\.jdks\graalvm-ce-17\bin\java.dll
0x00007ffe664a0000 - 0x00007ffe66577000 	C:\Users\user\.jdks\graalvm-ce-17\bin\jsvml.dll
0x00007ffe8c2d0000 - 0x00007ffe8ca15000 	C:\WINDOWS\System32\SHELL32.dll
0x00007ffe888e0000 - 0x00007ffe8907b000 	C:\WINDOWS\SYSTEM32\windows.storage.dll
0x00007ffe8cc60000 - 0x00007ffe8cfb4000 	C:\WINDOWS\System32\combase.dll
0x00007ffe8a6b0000 - 0x00007ffe8a6dd000 	C:\WINDOWS\SYSTEM32\Wldp.dll
0x00007ffe8b720000 - 0x00007ffe8b7cd000 	C:\WINDOWS\System32\SHCORE.dll
0x00007ffe8d100000 - 0x00007ffe8d155000 	C:\WINDOWS\System32\shlwapi.dll
0x00007ffe8aba0000 - 0x00007ffe8abc5000 	C:\WINDOWS\SYSTEM32\profapi.dll
0x00007ffe84a20000 - 0x00007ffe84a38000 	C:\Users\user\.jdks\graalvm-ce-17\bin\zip.dll
0x00007ffe1bd60000 - 0x00007ffe1ddc2000 	C:\Users\user\.jdks\graalvm-ce-17\bin\jvmcicompiler.dll
0x00007ffe8ab20000 - 0x00007ffe8ab4e000 	C:\WINDOWS\SYSTEM32\USERENV.dll
0x00007ffe8a720000 - 0x00007ffe8a747000 	C:\WINDOWS\SYSTEM32\ncrypt.dll
0x00007ffe8a0b0000 - 0x00007ffe8a0eb000 	C:\WINDOWS\SYSTEM32\IPHLPAPI.DLL
0x00007ffe8a6e0000 - 0x00007ffe8a71b000 	C:\WINDOWS\SYSTEM32\NTASN1.dll
0x00007ffe8a410000 - 0x00007ffe8a47a000 	C:\WINDOWS\system32\mswsock.dll
0x00007ffe84880000 - 0x00007ffe84899000 	C:\Users\user\.jdks\graalvm-ce-17\bin\net.dll
0x00007ffe806f0000 - 0x00007ffe807fa000 	C:\WINDOWS\SYSTEM32\WINHTTP.dll
0x00007ffe84810000 - 0x00007ffe84826000 	C:\Users\user\.jdks\graalvm-ce-17\bin\nio.dll
0x00007ffe848b0000 - 0x00007ffe848c0000 	C:\Users\user\.jdks\graalvm-ce-17\bin\verify.dll
0x00007ffe83ec0000 - 0x00007ffe83ee7000 	C:\Users\user\.gradle\native\c067742578af261105cb4f569cf0c3c89f3d7b1fecec35dd04571415982c5e48\windows-amd64\native-platform.dll
0x00007ffe62a20000 - 0x00007ffe62b64000 	C:\Users\user\.gradle\native\38dada09dfb8b06ba9b0570ebf7e218e3eb74d4ef43ca46872605cf95ebc2f47\windows-amd64\native-platform-file-events.dll
0x00007ffe85990000 - 0x00007ffe8599a000 	C:\Users\user\.jdks\graalvm-ce-17\bin\management.dll
0x00007ffe84cb0000 - 0x00007ffe84cbb000 	C:\Users\user\.jdks\graalvm-ce-17\bin\management_ext.dll
0x00007ffe8b5f0000 - 0x00007ffe8b5f8000 	C:\WINDOWS\System32\PSAPI.DLL
0x00007ffe8a600000 - 0x00007ffe8a618000 	C:\WINDOWS\SYSTEM32\CRYPTSP.dll
0x00007ffe89ca0000 - 0x00007ffe89cd4000 	C:\WINDOWS\system32\rsaenh.dll
0x00007ffe8ac70000 - 0x00007ffe8ac97000 	C:\WINDOWS\System32\bcrypt.dll
0x00007ffe8a620000 - 0x00007ffe8a62c000 	C:\WINDOWS\SYSTEM32\CRYPTBASE.dll
0x00007ffe8d210000 - 0x00007ffe8d218000 	C:\WINDOWS\System32\NSI.dll
0x00007ffe82c20000 - 0x00007ffe82c37000 	C:\WINDOWS\SYSTEM32\dhcpcsvc6.DLL
0x00007ffe82c60000 - 0x00007ffe82c7d000 	C:\WINDOWS\SYSTEM32\dhcpcsvc.DLL
0x00007ffe8a100000 - 0x00007ffe8a1ca000 	C:\WINDOWS\SYSTEM32\DNSAPI.dll
0x00007ffe848f0000 - 0x00007ffe848fe000 	C:\Users\user\.jdks\graalvm-ce-17\bin\sunmscapi.dll
0x00007ffe8aca0000 - 0x00007ffe8adfd000 	C:\WINDOWS\System32\CRYPT32.dll
0x00007ffe820a0000 - 0x00007ffe820a7000 	C:\WINDOWS\system32\wshunix.dll

dbghelp: loaded successfully - version: 4.0.5 - missing functions: none
symbol engine: initialized successfully - sym options: 0x614 - pdb path: .;C:\Users\user\.jdks\graalvm-ce-17\bin;C:\WINDOWS\SYSTEM32;C:\WINDOWS\WinSxS\amd64_microsoft.windows.common-controls_6595b64144ccf1df_6.0.19041.3636_none_60b6a03d71f818d5;C:\Users\user\.jdks\graalvm-ce-17\bin\server;C:\Users\user\.gradle\native\c067742578af261105cb4f569cf0c3c89f3d7b1fecec35dd04571415982c5e48\windows-amd64;C:\Users\user\.gradle\native\38dada09dfb8b06ba9b0570ebf7e218e3eb74d4ef43ca46872605cf95ebc2f47\windows-amd64

VM Arguments:
jvm_args: -XX:ThreadPriorityPolicy=1 -XX:+UnlockExperimentalVMOptions -XX:+EnableJVMCIProduct -XX:JVMCIThreadsPerNativeLibraryRuntime=1 -XX:-UnlockExperimentalVMOptions --add-opens=java.base/java.util=ALL-UNNAMED --add-opens=java.base/java.lang=ALL-UNNAMED --add-opens=java.base/java.lang.invoke=ALL-UNNAMED --add-opens=java.prefs/java.util.prefs=ALL-UNNAMED --add-opens=java.base/java.nio.charset=ALL-UNNAMED --add-opens=java.base/java.net=ALL-UNNAMED --add-opens=java.base/java.util.concurrent.atomic=ALL-UNNAMED -XX:MaxMetaspaceSize=384m -XX:+HeapDumpOnOutOfMemoryError -Xms256m -Xmx512m -Dfile.encoding=UTF-8 -Duser.country=KR -Duser.language=ko -Duser.variant -javaagent:C:\Users\user\.gradle\wrapper\dists\gradle-8.5-bin\5t9huq95ubn472n8rpzujfbqh\gradle-8.5\lib\agents\gradle-instrumentation-agent-8.5.jar 
java_command: org.gradle.launcher.daemon.bootstrap.GradleDaemon 8.5
java_class_path (initial): C:\Users\user\.gradle\wrapper\dists\gradle-8.5-bin\5t9huq95ubn472n8rpzujfbqh\gradle-8.5\lib\gradle-launcher-8.5.jar
Launcher Type: SUN_STANDARD

[Global flags]
     intx CICompilerCount                          = 3                                         {product} {ergonomic}
   size_t CompressedClassSpaceSize                 = 335544320                                 {product} {ergonomic}
     uint ConcGCThreads                            = 1                                         {product} {ergonomic}
     bool EnableJVMCIProduct                       = true                                {JVMCI product} {jimage}
     uint G1ConcRefinementThreads                  = 4                                         {product} {ergonomic}
   size_t G1HeapRegionSize                         = 1048576                                   {product} {ergonomic}
    uintx GCDrainStackTargetSize                   = 64                                        {product} {ergonomic}
     bool HeapDumpOnOutOfMemoryError               = true                                   {manageable} {command line}
   size_t InitialHeapSize                          = 268435456                                 {product} {command line}
     uint JVMCIThreadsPerNativeLibraryRuntime      = 1                                   {JVMCI product} {jimage}
   size_t MarkStackSize                            = 4194304                                   {product} {ergonomic}
   size_t MaxHeapSize                              = 536870912                                 {product} {command line}
   size_t MaxMetaspaceSize                         = 402653184                                 {product} {command line}
   size_t MaxNewSize                               = 321912832                                 {product} {ergonomic}
   size_t MinHeapDeltaBytes                        = 1048576                                   {product} {ergonomic}
   size_t MinHeapSize                              = 268435456                                 {product} {command line}
    uintx NonNMethodCodeHeapSize                   = 6402904                                {pd product} {ergonomic}
    uintx NonProfiledCodeHeapSize                  = 122627668                              {pd product} {ergonomic}
    uintx ProfiledCodeHeapSize                     = 122627668                              {pd product} {ergonomic}
    uintx ReservedCodeCacheSize                    = 251658240                              {pd product} {ergonomic}
     bool SegmentedCodeCache                       = true                                      {product} {ergonomic}
   size_t SoftMaxHeapSize                          = 536870912                              {manageable} {ergonomic}
     intx ThreadPriorityPolicy                     = 1                                         {product} {jimage}
     bool UseCompressedClassPointers               = true                           {product lp64_product} {ergonomic}
     bool UseCompressedOops                        = true                           {product lp64_product} {ergonomic}
     bool UseG1GC                                  = true                                      {product} {ergonomic}
     bool UseLargePagesIndividualAllocation        = false                                  {pd product} {ergonomic}

Logging:
Log output configuration:
 #0: stdout all=warning uptime,level,tags
 #1: stderr all=off uptime,level,tags

Environment Variables:
PATH=C:\Program Files\Common Files\Oracle\Java\javapath;C:\WINDOWS\system32;C:\WINDOWS;C:\WINDOWS\System32\Wbem;C:\WINDOWS\System32\WindowsPowerShell\v1.0\;C:\WINDOWS\System32\OpenSSH\;C:\Program Files\Bandizip\;C:\Program Files\Docker\Docker\resources\bin;C:\Program Files\Git\cmd;C:\Program Files (x86)\Intel\Intel(R) Management Engine Components\DAL;C:\Program Files\Intel\Intel(R) Management Engine Components\DAL;C:\Program Files\nodejs\;C:\Users\user\AppData\Local\Microsoft\WindowsApps;;C:\Program Files\JetBrains\IntelliJ IDEA 2023.2.5\bin;;D:\Microsoft VS Code\bin;C:\Users\user\AppData\Roaming\npm
USERNAME=user
OS=Windows_NT
PROCESSOR_IDENTIFIER=Intel64 Family 6 Model 142 Stepping 9, GenuineIntel
TMP=C:\Users\user\AppData\Local\Temp
TEMP=C:\Users\user\AppData\Local\Temp



---------------  S Y S T E M  ---------------

OS:
 Windows 10 , 64 bit Build 19041 (10.0.19041.3636)
OS uptime: 9 days 21:04 hours
Hyper-V role detected

CPU: total 4 (initial active 4) (2 cores per cpu, 2 threads per core) family 6 model 142 stepping 9 microcode 0xb4, cx8, cmov, fxsr, ht, mmx, 3dnowpref, sse, sse2, sse3, ssse3, sse4.1, sse4.2, popcnt, lzcnt, tsc, tscinvbit, avx, avx2, aes, erms, clmul, bmi1, bmi2, adx, fma, vzeroupper, clflush, clflushopt, hv
Processor Information for all 4 processors :
  Max Mhz: 2712, Current Mhz: 2511, Mhz Limit: 2495

Memory: 4k page, system-wide physical 8102M (163M free)
TotalPageFile size 22387M (AvailPageFile size 0M)
current process WorkingSet (physical memory assigned to process): 298M, peak: 298M
current process commit charge ("private bytes"): 448M, peak: 449M

vm_info: OpenJDK 64-Bit Server VM (17.0.8+7-jvmci-22.3-b22) for windows-amd64 JRE (17.0.8+7-jvmci-22.3-b22), built on Jul 19 2023 07:48:01 by "" with MS VC++ 17.1 (VS2022)

END.
