#
# A fatal error has been detected by the Java Runtime Environment:
#
#  Internal Error (jvmciEnv.cpp:218), pid=20560, tid=10144
#  fatal error: Error attaching current thread (DestroyJavaVM) to JVMCI shared library JNI interface
#
# JRE version: OpenJDK Runtime Environment GraalVM CE 22.3.3 (17.0.8+7) (build 17.0.8+7-jvmci-22.3-b22)
# Java VM: OpenJDK 64-Bit Server VM GraalVM CE 22.3.3 (17.0.8+7-jvmci-22.3-b22, mixed mode, sharing, tiered, jvmci, jvmci compiler, compressed oops, compressed class ptrs, g1 gc, windows-amd64)
# No core dump will be written. Minidumps are not enabled by default on client versions of Windows
#
# If you would like to submit a bug report, please visit:
#   https://github.com/oracle/graal/issues
#

---------------  S U M M A R Y ------------

Command Line: -XX:ThreadPriorityPolicy=1 -XX:+UnlockExperimentalVMOptions -XX:+EnableJVMCIProduct -XX:JVMCIThreadsPerNativeLibraryRuntime=1 -XX:-UnlockExperimentalVMOptions -Dnet.bytebuddy.agent.attacher.dump= net.bytebuddy.agent.Attacher com.sun.tools.attach.VirtualMachine 7660 C:\Users\user\.gradle\caches\modules-2\files-2.1\net.bytebuddy\byte-buddy-agent\1.14.10\90ed94ac044ea8953b224304c762316e91fd6b31\byte-buddy-agent-1.14.10.jar false 

Host: Intel(R) Core(TM) i5-7200U CPU @ 2.50GHz, 4 cores, 7G,  Windows 10 , 64 bit Build 19041 (10.0.19041.3636)
Time: Tue Jan  9 00:26:37 2024  Windows 10 , 64 bit Build 19041 (10.0.19041.3636) elapsed time: 0.271868 seconds (0d 0h 0m 0s)

---------------  T H R E A D  ---------------

Current thread (0x0000022ced354bc0):  JavaThread "DestroyJavaVM" [_thread_in_vm, id=10144, stack(0x000000641db00000,0x000000641dc00000)]

Stack: [0x000000641db00000,0x000000641dc00000]
Native frames: (J=compiled Java code, j=interpreted, Vv=VM code, C=native code)
V  [jvm.dll+0x66907a]
V  [jvm.dll+0x7c9e7e]
V  [jvm.dll+0x7cb7ce]
V  [jvm.dll+0x2454fb]
V  [jvm.dll+0x49bd1a]
V  [jvm.dll+0x4b5b3c]
V  [jvm.dll+0x42a2a6]
V  [jvm.dll+0x382f9b]
V  [jvm.dll+0x77bcea]
V  [jvm.dll+0x3d7cd3]
C  [jli.dll+0x52ff]
C  [ucrtbase.dll+0x21bb2]
C  [KERNEL32.DLL+0x17344]
C  [ntdll.dll+0x526b1]


---------------  P R O C E S S  ---------------

Threads class SMR info:
_java_thread_list=0x0000022cd4146b50, length=13, elements={
0x0000022cffdbb710, 0x0000022cffdbc590, 0x0000022cffdd6320, 0x0000022cffdd82f0,
0x0000022cffddbcd0, 0x0000022cffddc690, 0x0000022cffde0a00, 0x0000022cffde94c0,
0x0000022cffdf65d0, 0x0000022cffda35f0, 0x0000022cd408e370, 0x0000022cd40e9e20,
0x0000022ced354bc0
}

Java Threads: ( => current thread )
  0x0000022cffdbb710 JavaThread "Reference Handler" daemon [_thread_blocked, id=16360, stack(0x000000641e200000,0x000000641e300000)]
  0x0000022cffdbc590 JavaThread "Finalizer" daemon [_thread_blocked, id=13828, stack(0x000000641e300000,0x000000641e400000)]
  0x0000022cffdd6320 JavaThread "Signal Dispatcher" daemon [_thread_blocked, id=17428, stack(0x000000641e400000,0x000000641e500000)]
  0x0000022cffdd82f0 JavaThread "Attach Listener" daemon [_thread_blocked, id=3276, stack(0x000000641e500000,0x000000641e600000)]
  0x0000022cffddbcd0 JavaThread "Service Thread" daemon [_thread_blocked, id=8468, stack(0x000000641e600000,0x000000641e700000)]
  0x0000022cffddc690 JavaThread "Monitor Deflation Thread" daemon [_thread_blocked, id=248, stack(0x000000641e700000,0x000000641e800000)]
  0x0000022cffde0a00 JavaThread "JVMCI-native CompilerThread0" daemon [_thread_blocked, id=7972, stack(0x000000641e800000,0x000000641e900000)]
  0x0000022cffde94c0 JavaThread "C1 CompilerThread0" daemon [_thread_blocked, id=6972, stack(0x000000641e900000,0x000000641ea00000)]
  0x0000022cffdf65d0 JavaThread "Sweeper thread" daemon [_thread_blocked, id=19824, stack(0x000000641ea00000,0x000000641eb00000)]
  0x0000022cffda35f0 JavaThread "Common-Cleaner" daemon [_thread_blocked, id=7148, stack(0x000000641eb00000,0x000000641ec00000)]
  0x0000022cd408e370 JavaThread "C1 CompilerThread1" daemon [_thread_blocked, id=1844, stack(0x000000641ec00000,0x000000641ed00000)]
  0x0000022cd40e9e20 JavaThread "Notification Thread" daemon [_thread_blocked, id=17508, stack(0x000000641ed00000,0x000000641ee00000)]
=>0x0000022ced354bc0 JavaThread "DestroyJavaVM" [_thread_in_vm, id=10144, stack(0x000000641db00000,0x000000641dc00000)]

Other Threads:
  0x0000022cffdb6700 VMThread "VM Thread" [stack: 0x000000641e100000,0x000000641e200000] [id=14132]
  0x0000022cd40ee310 WatcherThread [stack: 0x000000641ee00000,0x000000641ef00000] [id=13352]
  0x0000022ced3ae260 GCTaskThread "GC Thread#0" [stack: 0x000000641dc00000,0x000000641dd00000] [id=5764]
  0x0000022ced3beef0 ConcurrentGCThread "G1 Main Marker" [stack: 0x000000641dd00000,0x000000641de00000] [id=8552]
  0x0000022ced3c00a0 ConcurrentGCThread "G1 Conc#0" [stack: 0x000000641de00000,0x000000641df00000] [id=18524]
  0x0000022ced4147c0 ConcurrentGCThread "G1 Refine#0" [stack: 0x000000641df00000,0x000000641e000000] [id=15248]
  0x0000022cffc720b0 ConcurrentGCThread "G1 Service" [stack: 0x000000641e000000,0x000000641e100000] [id=6240]

Threads with active compile tasks:

VM state: not at safepoint (normal execution)

VM Mutex/Monitor currently owned by a thread: None

Heap address: 0x0000000081600000, size: 2026 MB, Compressed Oops mode: 32-bit

CDS archive(s) mapped at: [0x0000022c8f000000-0x0000022c8fbd0000-0x0000022c8fbd0000), size 12386304, SharedBaseAddress: 0x0000022c8f000000, ArchiveRelocationMode: 1.
Compressed class space mapped at: 0x0000022c90000000-0x0000022cd0000000, reserved size: 1073741824
Narrow klass base: 0x0000022c8f000000, Narrow klass shift: 0, Narrow klass range: 0x100000000

GC Precious Log:
 CPUs: 4 total, 4 available
 Memory: 8102M
 Large Page Support: Disabled
 NUMA Support: Disabled
 Compressed Oops: Enabled (32-bit)
 Heap Region Size: 1M
 Heap Min Capacity: 8M
 Heap Initial Capacity: 128M
 Heap Max Capacity: 2026M
 Pre-touch: Disabled
 Parallel Workers: 4
 Concurrent Workers: 1
 Concurrent Refinement Workers: 4
 Periodic GC: Disabled

Heap:
 garbage-first heap   total 131072K, used 3072K [0x0000000081600000, 0x0000000100000000)
  region size 1024K, 4 young (4096K), 0 survivors (0K)
 Metaspace       used 1263K, committed 1472K, reserved 1114112K
  class space    used 110K, committed 192K, reserved 1048576K

Heap Regions: E=young(eden), S=young(survivor), O=old, HS=humongous(starts), HC=humongous(continues), CS=collection set, F=free, OA=open archive, CA=closed archive, TAMS=top-at-mark-start (previous, next)
|   0|0x0000000081600000, 0x0000000081600000, 0x0000000081700000|  0%| F|  |TAMS 0x0000000081600000, 0x0000000081600000| Untracked 
|   1|0x0000000081700000, 0x0000000081700000, 0x0000000081800000|  0%| F|  |TAMS 0x0000000081700000, 0x0000000081700000| Untracked 
|   2|0x0000000081800000, 0x0000000081800000, 0x0000000081900000|  0%| F|  |TAMS 0x0000000081800000, 0x0000000081800000| Untracked 
|   3|0x0000000081900000, 0x0000000081900000, 0x0000000081a00000|  0%| F|  |TAMS 0x0000000081900000, 0x0000000081900000| Untracked 
|   4|0x0000000081a00000, 0x0000000081a00000, 0x0000000081b00000|  0%| F|  |TAMS 0x0000000081a00000, 0x0000000081a00000| Untracked 
|   5|0x0000000081b00000, 0x0000000081b00000, 0x0000000081c00000|  0%| F|  |TAMS 0x0000000081b00000, 0x0000000081b00000| Untracked 
|   6|0x0000000081c00000, 0x0000000081c00000, 0x0000000081d00000|  0%| F|  |TAMS 0x0000000081c00000, 0x0000000081c00000| Untracked 
|   7|0x0000000081d00000, 0x0000000081d00000, 0x0000000081e00000|  0%| F|  |TAMS 0x0000000081d00000, 0x0000000081d00000| Untracked 
|   8|0x0000000081e00000, 0x0000000081e00000, 0x0000000081f00000|  0%| F|  |TAMS 0x0000000081e00000, 0x0000000081e00000| Untracked 
|   9|0x0000000081f00000, 0x0000000081f00000, 0x0000000082000000|  0%| F|  |TAMS 0x0000000081f00000, 0x0000000081f00000| Untracked 
|  10|0x0000000082000000, 0x0000000082000000, 0x0000000082100000|  0%| F|  |TAMS 0x0000000082000000, 0x0000000082000000| Untracked 
|  11|0x0000000082100000, 0x0000000082100000, 0x0000000082200000|  0%| F|  |TAMS 0x0000000082100000, 0x0000000082100000| Untracked 
|  12|0x0000000082200000, 0x0000000082200000, 0x0000000082300000|  0%| F|  |TAMS 0x0000000082200000, 0x0000000082200000| Untracked 
|  13|0x0000000082300000, 0x0000000082300000, 0x0000000082400000|  0%| F|  |TAMS 0x0000000082300000, 0x0000000082300000| Untracked 
|  14|0x0000000082400000, 0x0000000082400000, 0x0000000082500000|  0%| F|  |TAMS 0x0000000082400000, 0x0000000082400000| Untracked 
|  15|0x0000000082500000, 0x0000000082500000, 0x0000000082600000|  0%| F|  |TAMS 0x0000000082500000, 0x0000000082500000| Untracked 
|  16|0x0000000082600000, 0x0000000082600000, 0x0000000082700000|  0%| F|  |TAMS 0x0000000082600000, 0x0000000082600000| Untracked 
|  17|0x0000000082700000, 0x0000000082700000, 0x0000000082800000|  0%| F|  |TAMS 0x0000000082700000, 0x0000000082700000| Untracked 
|  18|0x0000000082800000, 0x0000000082800000, 0x0000000082900000|  0%| F|  |TAMS 0x0000000082800000, 0x0000000082800000| Untracked 
|  19|0x0000000082900000, 0x0000000082900000, 0x0000000082a00000|  0%| F|  |TAMS 0x0000000082900000, 0x0000000082900000| Untracked 
|  20|0x0000000082a00000, 0x0000000082a00000, 0x0000000082b00000|  0%| F|  |TAMS 0x0000000082a00000, 0x0000000082a00000| Untracked 
|  21|0x0000000082b00000, 0x0000000082b00000, 0x0000000082c00000|  0%| F|  |TAMS 0x0000000082b00000, 0x0000000082b00000| Untracked 
|  22|0x0000000082c00000, 0x0000000082c00000, 0x0000000082d00000|  0%| F|  |TAMS 0x0000000082c00000, 0x0000000082c00000| Untracked 
|  23|0x0000000082d00000, 0x0000000082d00000, 0x0000000082e00000|  0%| F|  |TAMS 0x0000000082d00000, 0x0000000082d00000| Untracked 
|  24|0x0000000082e00000, 0x0000000082e00000, 0x0000000082f00000|  0%| F|  |TAMS 0x0000000082e00000, 0x0000000082e00000| Untracked 
|  25|0x0000000082f00000, 0x0000000082f00000, 0x0000000083000000|  0%| F|  |TAMS 0x0000000082f00000, 0x0000000082f00000| Untracked 
|  26|0x0000000083000000, 0x0000000083000000, 0x0000000083100000|  0%| F|  |TAMS 0x0000000083000000, 0x0000000083000000| Untracked 
|  27|0x0000000083100000, 0x0000000083100000, 0x0000000083200000|  0%| F|  |TAMS 0x0000000083100000, 0x0000000083100000| Untracked 
|  28|0x0000000083200000, 0x0000000083200000, 0x0000000083300000|  0%| F|  |TAMS 0x0000000083200000, 0x0000000083200000| Untracked 
|  29|0x0000000083300000, 0x0000000083300000, 0x0000000083400000|  0%| F|  |TAMS 0x0000000083300000, 0x0000000083300000| Untracked 
|  30|0x0000000083400000, 0x0000000083400000, 0x0000000083500000|  0%| F|  |TAMS 0x0000000083400000, 0x0000000083400000| Untracked 
|  31|0x0000000083500000, 0x0000000083500000, 0x0000000083600000|  0%| F|  |TAMS 0x0000000083500000, 0x0000000083500000| Untracked 
|  32|0x0000000083600000, 0x0000000083600000, 0x0000000083700000|  0%| F|  |TAMS 0x0000000083600000, 0x0000000083600000| Untracked 
|  33|0x0000000083700000, 0x0000000083700000, 0x0000000083800000|  0%| F|  |TAMS 0x0000000083700000, 0x0000000083700000| Untracked 
|  34|0x0000000083800000, 0x0000000083800000, 0x0000000083900000|  0%| F|  |TAMS 0x0000000083800000, 0x0000000083800000| Untracked 
|  35|0x0000000083900000, 0x0000000083900000, 0x0000000083a00000|  0%| F|  |TAMS 0x0000000083900000, 0x0000000083900000| Untracked 
|  36|0x0000000083a00000, 0x0000000083a00000, 0x0000000083b00000|  0%| F|  |TAMS 0x0000000083a00000, 0x0000000083a00000| Untracked 
|  37|0x0000000083b00000, 0x0000000083b00000, 0x0000000083c00000|  0%| F|  |TAMS 0x0000000083b00000, 0x0000000083b00000| Untracked 
|  38|0x0000000083c00000, 0x0000000083c00000, 0x0000000083d00000|  0%| F|  |TAMS 0x0000000083c00000, 0x0000000083c00000| Untracked 
|  39|0x0000000083d00000, 0x0000000083d00000, 0x0000000083e00000|  0%| F|  |TAMS 0x0000000083d00000, 0x0000000083d00000| Untracked 
|  40|0x0000000083e00000, 0x0000000083e00000, 0x0000000083f00000|  0%| F|  |TAMS 0x0000000083e00000, 0x0000000083e00000| Untracked 
|  41|0x0000000083f00000, 0x0000000083f00000, 0x0000000084000000|  0%| F|  |TAMS 0x0000000083f00000, 0x0000000083f00000| Untracked 
|  42|0x0000000084000000, 0x0000000084000000, 0x0000000084100000|  0%| F|  |TAMS 0x0000000084000000, 0x0000000084000000| Untracked 
|  43|0x0000000084100000, 0x0000000084100000, 0x0000000084200000|  0%| F|  |TAMS 0x0000000084100000, 0x0000000084100000| Untracked 
|  44|0x0000000084200000, 0x0000000084200000, 0x0000000084300000|  0%| F|  |TAMS 0x0000000084200000, 0x0000000084200000| Untracked 
|  45|0x0000000084300000, 0x0000000084300000, 0x0000000084400000|  0%| F|  |TAMS 0x0000000084300000, 0x0000000084300000| Untracked 
|  46|0x0000000084400000, 0x0000000084400000, 0x0000000084500000|  0%| F|  |TAMS 0x0000000084400000, 0x0000000084400000| Untracked 
|  47|0x0000000084500000, 0x0000000084500000, 0x0000000084600000|  0%| F|  |TAMS 0x0000000084500000, 0x0000000084500000| Untracked 
|  48|0x0000000084600000, 0x0000000084600000, 0x0000000084700000|  0%| F|  |TAMS 0x0000000084600000, 0x0000000084600000| Untracked 
|  49|0x0000000084700000, 0x0000000084700000, 0x0000000084800000|  0%| F|  |TAMS 0x0000000084700000, 0x0000000084700000| Untracked 
|  50|0x0000000084800000, 0x0000000084800000, 0x0000000084900000|  0%| F|  |TAMS 0x0000000084800000, 0x0000000084800000| Untracked 
|  51|0x0000000084900000, 0x0000000084900000, 0x0000000084a00000|  0%| F|  |TAMS 0x0000000084900000, 0x0000000084900000| Untracked 
|  52|0x0000000084a00000, 0x0000000084a00000, 0x0000000084b00000|  0%| F|  |TAMS 0x0000000084a00000, 0x0000000084a00000| Untracked 
|  53|0x0000000084b00000, 0x0000000084b00000, 0x0000000084c00000|  0%| F|  |TAMS 0x0000000084b00000, 0x0000000084b00000| Untracked 
|  54|0x0000000084c00000, 0x0000000084c00000, 0x0000000084d00000|  0%| F|  |TAMS 0x0000000084c00000, 0x0000000084c00000| Untracked 
|  55|0x0000000084d00000, 0x0000000084d00000, 0x0000000084e00000|  0%| F|  |TAMS 0x0000000084d00000, 0x0000000084d00000| Untracked 
|  56|0x0000000084e00000, 0x0000000084e00000, 0x0000000084f00000|  0%| F|  |TAMS 0x0000000084e00000, 0x0000000084e00000| Untracked 
|  57|0x0000000084f00000, 0x0000000084f00000, 0x0000000085000000|  0%| F|  |TAMS 0x0000000084f00000, 0x0000000084f00000| Untracked 
|  58|0x0000000085000000, 0x0000000085000000, 0x0000000085100000|  0%| F|  |TAMS 0x0000000085000000, 0x0000000085000000| Untracked 
|  59|0x0000000085100000, 0x0000000085100000, 0x0000000085200000|  0%| F|  |TAMS 0x0000000085100000, 0x0000000085100000| Untracked 
|  60|0x0000000085200000, 0x0000000085200000, 0x0000000085300000|  0%| F|  |TAMS 0x0000000085200000, 0x0000000085200000| Untracked 
|  61|0x0000000085300000, 0x0000000085300000, 0x0000000085400000|  0%| F|  |TAMS 0x0000000085300000, 0x0000000085300000| Untracked 
|  62|0x0000000085400000, 0x0000000085400000, 0x0000000085500000|  0%| F|  |TAMS 0x0000000085400000, 0x0000000085400000| Untracked 
|  63|0x0000000085500000, 0x0000000085500000, 0x0000000085600000|  0%| F|  |TAMS 0x0000000085500000, 0x0000000085500000| Untracked 
|  64|0x0000000085600000, 0x0000000085600000, 0x0000000085700000|  0%| F|  |TAMS 0x0000000085600000, 0x0000000085600000| Untracked 
|  65|0x0000000085700000, 0x0000000085700000, 0x0000000085800000|  0%| F|  |TAMS 0x0000000085700000, 0x0000000085700000| Untracked 
|  66|0x0000000085800000, 0x0000000085800000, 0x0000000085900000|  0%| F|  |TAMS 0x0000000085800000, 0x0000000085800000| Untracked 
|  67|0x0000000085900000, 0x0000000085900000, 0x0000000085a00000|  0%| F|  |TAMS 0x0000000085900000, 0x0000000085900000| Untracked 
|  68|0x0000000085a00000, 0x0000000085a00000, 0x0000000085b00000|  0%| F|  |TAMS 0x0000000085a00000, 0x0000000085a00000| Untracked 
|  69|0x0000000085b00000, 0x0000000085b00000, 0x0000000085c00000|  0%| F|  |TAMS 0x0000000085b00000, 0x0000000085b00000| Untracked 
|  70|0x0000000085c00000, 0x0000000085c00000, 0x0000000085d00000|  0%| F|  |TAMS 0x0000000085c00000, 0x0000000085c00000| Untracked 
|  71|0x0000000085d00000, 0x0000000085d00000, 0x0000000085e00000|  0%| F|  |TAMS 0x0000000085d00000, 0x0000000085d00000| Untracked 
|  72|0x0000000085e00000, 0x0000000085e00000, 0x0000000085f00000|  0%| F|  |TAMS 0x0000000085e00000, 0x0000000085e00000| Untracked 
|  73|0x0000000085f00000, 0x0000000085f00000, 0x0000000086000000|  0%| F|  |TAMS 0x0000000085f00000, 0x0000000085f00000| Untracked 
|  74|0x0000000086000000, 0x0000000086000000, 0x0000000086100000|  0%| F|  |TAMS 0x0000000086000000, 0x0000000086000000| Untracked 
|  75|0x0000000086100000, 0x0000000086100000, 0x0000000086200000|  0%| F|  |TAMS 0x0000000086100000, 0x0000000086100000| Untracked 
|  76|0x0000000086200000, 0x0000000086200000, 0x0000000086300000|  0%| F|  |TAMS 0x0000000086200000, 0x0000000086200000| Untracked 
|  77|0x0000000086300000, 0x0000000086300000, 0x0000000086400000|  0%| F|  |TAMS 0x0000000086300000, 0x0000000086300000| Untracked 
|  78|0x0000000086400000, 0x0000000086400000, 0x0000000086500000|  0%| F|  |TAMS 0x0000000086400000, 0x0000000086400000| Untracked 
|  79|0x0000000086500000, 0x0000000086500000, 0x0000000086600000|  0%| F|  |TAMS 0x0000000086500000, 0x0000000086500000| Untracked 
|  80|0x0000000086600000, 0x0000000086600000, 0x0000000086700000|  0%| F|  |TAMS 0x0000000086600000, 0x0000000086600000| Untracked 
|  81|0x0000000086700000, 0x0000000086700000, 0x0000000086800000|  0%| F|  |TAMS 0x0000000086700000, 0x0000000086700000| Untracked 
|  82|0x0000000086800000, 0x0000000086800000, 0x0000000086900000|  0%| F|  |TAMS 0x0000000086800000, 0x0000000086800000| Untracked 
|  83|0x0000000086900000, 0x0000000086900000, 0x0000000086a00000|  0%| F|  |TAMS 0x0000000086900000, 0x0000000086900000| Untracked 
|  84|0x0000000086a00000, 0x0000000086a00000, 0x0000000086b00000|  0%| F|  |TAMS 0x0000000086a00000, 0x0000000086a00000| Untracked 
|  85|0x0000000086b00000, 0x0000000086b00000, 0x0000000086c00000|  0%| F|  |TAMS 0x0000000086b00000, 0x0000000086b00000| Untracked 
|  86|0x0000000086c00000, 0x0000000086c00000, 0x0000000086d00000|  0%| F|  |TAMS 0x0000000086c00000, 0x0000000086c00000| Untracked 
|  87|0x0000000086d00000, 0x0000000086d00000, 0x0000000086e00000|  0%| F|  |TAMS 0x0000000086d00000, 0x0000000086d00000| Untracked 
|  88|0x0000000086e00000, 0x0000000086e00000, 0x0000000086f00000|  0%| F|  |TAMS 0x0000000086e00000, 0x0000000086e00000| Untracked 
|  89|0x0000000086f00000, 0x0000000086f00000, 0x0000000087000000|  0%| F|  |TAMS 0x0000000086f00000, 0x0000000086f00000| Untracked 
|  90|0x0000000087000000, 0x0000000087000000, 0x0000000087100000|  0%| F|  |TAMS 0x0000000087000000, 0x0000000087000000| Untracked 
|  91|0x0000000087100000, 0x0000000087100000, 0x0000000087200000|  0%| F|  |TAMS 0x0000000087100000, 0x0000000087100000| Untracked 
|  92|0x0000000087200000, 0x0000000087200000, 0x0000000087300000|  0%| F|  |TAMS 0x0000000087200000, 0x0000000087200000| Untracked 
|  93|0x0000000087300000, 0x0000000087300000, 0x0000000087400000|  0%| F|  |TAMS 0x0000000087300000, 0x0000000087300000| Untracked 
|  94|0x0000000087400000, 0x0000000087400000, 0x0000000087500000|  0%| F|  |TAMS 0x0000000087400000, 0x0000000087400000| Untracked 
|  95|0x0000000087500000, 0x0000000087500000, 0x0000000087600000|  0%| F|  |TAMS 0x0000000087500000, 0x0000000087500000| Untracked 
|  96|0x0000000087600000, 0x0000000087600000, 0x0000000087700000|  0%| F|  |TAMS 0x0000000087600000, 0x0000000087600000| Untracked 
|  97|0x0000000087700000, 0x0000000087700000, 0x0000000087800000|  0%| F|  |TAMS 0x0000000087700000, 0x0000000087700000| Untracked 
|  98|0x0000000087800000, 0x0000000087800000, 0x0000000087900000|  0%| F|  |TAMS 0x0000000087800000, 0x0000000087800000| Untracked 
|  99|0x0000000087900000, 0x0000000087900000, 0x0000000087a00000|  0%| F|  |TAMS 0x0000000087900000, 0x0000000087900000| Untracked 
| 100|0x0000000087a00000, 0x0000000087a00000, 0x0000000087b00000|  0%| F|  |TAMS 0x0000000087a00000, 0x0000000087a00000| Untracked 
| 101|0x0000000087b00000, 0x0000000087b00000, 0x0000000087c00000|  0%| F|  |TAMS 0x0000000087b00000, 0x0000000087b00000| Untracked 
| 102|0x0000000087c00000, 0x0000000087c00000, 0x0000000087d00000|  0%| F|  |TAMS 0x0000000087c00000, 0x0000000087c00000| Untracked 
| 103|0x0000000087d00000, 0x0000000087d00000, 0x0000000087e00000|  0%| F|  |TAMS 0x0000000087d00000, 0x0000000087d00000| Untracked 
| 104|0x0000000087e00000, 0x0000000087e00000, 0x0000000087f00000|  0%| F|  |TAMS 0x0000000087e00000, 0x0000000087e00000| Untracked 
| 105|0x0000000087f00000, 0x0000000087f00000, 0x0000000088000000|  0%| F|  |TAMS 0x0000000087f00000, 0x0000000087f00000| Untracked 
| 106|0x0000000088000000, 0x0000000088000000, 0x0000000088100000|  0%| F|  |TAMS 0x0000000088000000, 0x0000000088000000| Untracked 
| 107|0x0000000088100000, 0x0000000088100000, 0x0000000088200000|  0%| F|  |TAMS 0x0000000088100000, 0x0000000088100000| Untracked 
| 108|0x0000000088200000, 0x0000000088200000, 0x0000000088300000|  0%| F|  |TAMS 0x0000000088200000, 0x0000000088200000| Untracked 
| 109|0x0000000088300000, 0x0000000088300000, 0x0000000088400000|  0%| F|  |TAMS 0x0000000088300000, 0x0000000088300000| Untracked 
| 110|0x0000000088400000, 0x0000000088400000, 0x0000000088500000|  0%| F|  |TAMS 0x0000000088400000, 0x0000000088400000| Untracked 
| 111|0x0000000088500000, 0x0000000088500000, 0x0000000088600000|  0%| F|  |TAMS 0x0000000088500000, 0x0000000088500000| Untracked 
| 112|0x0000000088600000, 0x0000000088600000, 0x0000000088700000|  0%| F|  |TAMS 0x0000000088600000, 0x0000000088600000| Untracked 
| 113|0x0000000088700000, 0x0000000088700000, 0x0000000088800000|  0%| F|  |TAMS 0x0000000088700000, 0x0000000088700000| Untracked 
| 114|0x0000000088800000, 0x0000000088800000, 0x0000000088900000|  0%| F|  |TAMS 0x0000000088800000, 0x0000000088800000| Untracked 
| 115|0x0000000088900000, 0x0000000088900000, 0x0000000088a00000|  0%| F|  |TAMS 0x0000000088900000, 0x0000000088900000| Untracked 
| 116|0x0000000088a00000, 0x0000000088a00000, 0x0000000088b00000|  0%| F|  |TAMS 0x0000000088a00000, 0x0000000088a00000| Untracked 
| 117|0x0000000088b00000, 0x0000000088b00000, 0x0000000088c00000|  0%| F|  |TAMS 0x0000000088b00000, 0x0000000088b00000| Untracked 
| 118|0x0000000088c00000, 0x0000000088c00000, 0x0000000088d00000|  0%| F|  |TAMS 0x0000000088c00000, 0x0000000088c00000| Untracked 
| 119|0x0000000088d00000, 0x0000000088d00000, 0x0000000088e00000|  0%| F|  |TAMS 0x0000000088d00000, 0x0000000088d00000| Untracked 
| 120|0x0000000088e00000, 0x0000000088e00000, 0x0000000088f00000|  0%| F|  |TAMS 0x0000000088e00000, 0x0000000088e00000| Untracked 
| 121|0x0000000088f00000, 0x0000000088f00000, 0x0000000089000000|  0%| F|  |TAMS 0x0000000088f00000, 0x0000000088f00000| Untracked 
| 122|0x0000000089000000, 0x0000000089000000, 0x0000000089100000|  0%| F|  |TAMS 0x0000000089000000, 0x0000000089000000| Untracked 
| 123|0x0000000089100000, 0x0000000089100000, 0x0000000089200000|  0%| F|  |TAMS 0x0000000089100000, 0x0000000089100000| Untracked 
| 124|0x0000000089200000, 0x00000000892cbca8, 0x0000000089300000| 79%| E|  |TAMS 0x0000000089200000, 0x0000000089200000| Complete 
| 125|0x0000000089300000, 0x0000000089400000, 0x0000000089400000|100%| E|CS|TAMS 0x0000000089300000, 0x0000000089300000| Complete 
| 126|0x0000000089400000, 0x0000000089500000, 0x0000000089500000|100%| E|CS|TAMS 0x0000000089400000, 0x0000000089400000| Complete 
| 127|0x0000000089500000, 0x0000000089600000, 0x0000000089600000|100%| E|CS|TAMS 0x0000000089500000, 0x0000000089500000| Complete 

Card table byte_map: [0x0000022cf9050000,0x0000022cf9450000] _byte_map_base: 0x0000022cf8c45000

Marking Bits (Prev, Next): (CMBitMap*) 0x0000022ced3ae880, (CMBitMap*) 0x0000022ced3ae8c0
 Prev Bits: [0x0000022cf9850000, 0x0000022cfb7f8000)
 Next Bits: [0x0000022cfb800000, 0x0000022cfd7a8000)

Polling page: 0x0000022ced420000

Metaspace:

Usage:
  Non-class:      1.13 MB used.
      Class:    110.51 KB used.
       Both:      1.23 MB used.

Virtual space:
  Non-class space:       64.00 MB reserved,       1.25 MB (  2%) committed,  1 nodes.
      Class space:        1.00 GB reserved,     192.00 KB ( <1%) committed,  1 nodes.
             Both:        1.06 GB reserved,       1.44 MB ( <1%) committed. 

Chunk freelists:
   Non-Class:  11.72 MB
       Class:  15.68 MB
        Both:  27.41 MB

MaxMetaspaceSize: unlimited
CompressedClassSpaceSize: 1.00 GB
Initial GC threshold: 21.00 MB
Current GC threshold: 21.00 MB
CDS: on
MetaspaceReclaimPolicy: balanced
 - commit_granule_bytes: 65536.
 - commit_granule_words: 8192.
 - virtual_space_node_default_size: 8388608.
 - enlarge_chunks_in_place: 1.
 - new_chunks_are_fully_committed: 0.
 - uncommit_free_chunks: 1.
 - use_allocation_guard: 0.
 - handle_deallocations: 1.


Internal statistics:

num_allocs_failed_limit: 0.
num_arena_births: 52.
num_arena_deaths: 0.
num_vsnodes_births: 2.
num_vsnodes_deaths: 0.
num_space_committed: 23.
num_space_uncommitted: 0.
num_chunks_returned_to_freelist: 0.
num_chunks_taken_from_freelist: 76.
num_chunk_merges: 0.
num_chunk_splits: 48.
num_chunks_enlarged: 30.
num_inconsistent_stats: 0.

CodeHeap 'non-profiled nmethods': size=119744Kb used=123Kb max_used=123Kb free=119620Kb
 bounds [0x0000022c87b10000, 0x0000022c87d80000, 0x0000022c8f000000]
CodeHeap 'profiled nmethods': size=119744Kb used=705Kb max_used=705Kb free=119039Kb
 bounds [0x0000022c80000000, 0x0000022c80270000, 0x0000022c874f0000]
CodeHeap 'non-nmethods': size=6272Kb used=1685Kb max_used=1685Kb free=4586Kb
 bounds [0x0000022c874f0000, 0x0000022c87760000, 0x0000022c87b10000]
 total_blobs=843 nmethods=443 adapters=324
 compilation: enabled
              stopped_count=0, restarted_count=0
 full_count=0

JVMCI Events (13 events):
Event: 0.029 Thread 0x0000022ced354bc0 created new Java JVMCI runtime -1 (0x0000022cffc7dc00)
Event: 0.107 Thread 0x0000022cffde0a00 created new CompileBroker JVMCI runtime 0 (0x0000022cd40c81b0)
Event: 0.107 Thread 0x0000022cffde0a00 attached to JVMCI runtime 0
Event: 0.110 Thread 0x0000022cffde0a00 loaded JVMCI shared library from C:\Users\user\.jdks\graalvm-ce-17\bin\jvmcicompiler.dll
Event: 0.115 Thread 0x0000022cffde0a00 created JavaVM[1]@0x0000022d00b7e1d0 for JVMCI runtime 0
Event: 0.115 Thread 0x0000022cffde0a00 initializing JVMCI runtime 0
Event: 0.115 Thread 0x0000022cffde0a00 initializing JavaVM references in JVMCI runtime 0
Event: 0.115 Thread 0x0000022cffde0a00 initialized JavaVM references in JVMCI runtime 0
Event: 0.117 Thread 0x0000022cffde0a00 initialized JVMCI runtime 0
Event: 0.173 Thread 0x0000022cffde0a00 compacted oop handles in JVMCI runtime 0 from 53 to 52
Event: 0.270 Thread 0x0000022ced354bc0 shutting down JVMCI
Event: 0.270 Thread 0x0000022ced354bc0 attached to JVMCI runtime 0 [in JVMCI shutdown]
Event: 0.270 Thread 0x0000022ced354bc0 shutting down HotSpotJVMCIRuntime for JVMCI runtime 0

Compilation events (20 events):
Event: 0.261 Thread 0x0000022cd408e370 nmethod 477 0x0000022c87b2dd90 code [0x0000022c87b2df20, 0x0000022c87b2dff8]
Event: 0.261 Thread 0x0000022cd408e370  479       3       java.util.ImmutableCollections$ListN::size (6 bytes)
Event: 0.262 Thread 0x0000022cd408e370 nmethod 479 0x0000022c800a6f90 code [0x0000022c800a7120, 0x0000022c800a7238]
Event: 0.262 Thread 0x0000022cd408e370  480       3       java.lang.invoke.LambdaForm$Name::isParam (13 bytes)
Event: 0.262 Thread 0x0000022cffde94c0 nmethod 473 0x0000022c800a7310 code [0x0000022c800a7540, 0x0000022c800a7da8]
Event: 0.262 Thread 0x0000022cd408e370 nmethod 480 0x0000022c800a8090 code [0x0000022c800a8220, 0x0000022c800a8398]
Event: 0.262 Thread 0x0000022cd408e370  481       3       jdk.internal.org.objectweb.asm.Frame::pop (44 bytes)
Event: 0.262 Thread 0x0000022cd408e370 nmethod 481 0x0000022c800a8410 code [0x0000022c800a85a0, 0x0000022c800a8738]
Event: 0.263 Thread 0x0000022cd408e370  484       3       java.lang.invoke.InvokerBytecodeGenerator::emitImplicitConversion (161 bytes)
Event: 0.263 Thread 0x0000022cffde94c0  485       3       java.lang.invoke.MemberName::getName (25 bytes)
Event: 0.264 Thread 0x0000022cffde94c0 nmethod 485 0x0000022c800a8810 code [0x0000022c800a89e0, 0x0000022c800a8d68]
Event: 0.264 Thread 0x0000022cffde94c0  486       3       java.lang.invoke.InvokerBytecodeGenerator::emitLoadInsn (21 bytes)
Event: 0.264 Thread 0x0000022cffde94c0 nmethod 486 0x0000022c800a8e90 code [0x0000022c800a9040, 0x0000022c800a93f8]
Event: 0.264 Thread 0x0000022cffde94c0  487       3       java.lang.invoke.InvokerBytecodeGenerator::loadInsnOpcode (98 bytes)
Event: 0.264 Thread 0x0000022cd408e370 nmethod 484 0x0000022c800a9510 code [0x0000022c800a9820, 0x0000022c800aa818]
Event: 0.264 Thread 0x0000022cd408e370  488       3       java.lang.invoke.InvokerBytecodeGenerator::emitPushArgument (150 bytes)
Event: 0.265 Thread 0x0000022cffde94c0 nmethod 487 0x0000022c800aad10 code [0x0000022c800aaf80, 0x0000022c800abad8]
Event: 0.265 Thread 0x0000022cffde94c0  489       3       jdk.internal.org.objectweb.asm.Frame::getAbstractTypeFromDescriptor (415 bytes)
Event: 0.265 Thread 0x0000022cd408e370 nmethod 488 0x0000022c800abe10 code [0x0000022c800ac0e0, 0x0000022c800ad7e8]
Event: 0.266 Thread 0x0000022cffde94c0 nmethod 489 0x0000022c800adc10 code [0x0000022c800adfc0, 0x0000022c800afb18]

GC Heap History (0 events):
No events

Dll operation events (9 events):
Event: 0.009 Loaded shared library C:\Users\user\.jdks\graalvm-ce-17\bin\java.dll
Event: 0.030 Loaded shared library C:\Users\user\.jdks\graalvm-ce-17\bin\jsvml.dll
Event: 0.100 Loaded shared library C:\Users\user\.jdks\graalvm-ce-17\bin\net.dll
Event: 0.102 Loaded shared library C:\Users\user\.jdks\graalvm-ce-17\bin\nio.dll
Event: 0.107 Loaded shared library C:\Users\user\.jdks\graalvm-ce-17\bin\zip.dll
Event: 0.110 Loaded shared library C:\Users\user\.jdks\graalvm-ce-17\bin\jvmcicompiler.dll
Event: 0.148 Loaded shared library C:\Users\user\.jdks\graalvm-ce-17\bin\verify.dll
Event: 0.152 Loaded shared library C:\Users\user\.jdks\graalvm-ce-17\bin\jimage.dll
Event: 0.166 Loaded shared library C:\Users\user\.jdks\graalvm-ce-17\bin\attach.dll

Deoptimization events (0 events):
No events

Classes unloaded (0 events):
No events

Classes redefined (0 events):
No events

Internal exceptions (4 events):
Event: 0.248 Thread 0x0000022ced354bc0 Exception <a 'java/lang/NoSuchMethodError'{0x000000008921b890}: 'java.lang.Object java.lang.invoke.DirectMethodHandle$Holder.invokeStaticInit(java.lang.Object)'> (0x000000008921b890) 
thrown [s\src\hotspot\share\interpreter\linkResolver.cpp, line 759]
Event: 0.251 Thread 0x0000022ced354bc0 Exception <a 'java/lang/NoSuchMethodError'{0x0000000089228488}: 'java.lang.Object java.lang.invoke.DirectMethodHandle$Holder.invokeStaticInit(java.lang.Object, java.lang.Object, long, java.lang.Object)'> (0x0000000089228488) 
thrown [s\src\hotspot\share\interpreter\linkResolver.cpp, line 759]
Event: 0.252 Thread 0x0000022ced354bc0 Exception <a 'java/lang/NoSuchMethodError'{0x000000008922e950}: 'java.lang.Object java.lang.invoke.DirectMethodHandle$Holder.newInvokeSpecial(java.lang.Object, java.lang.Object, long)'> (0x000000008922e950) 
thrown [s\src\hotspot\share\interpreter\linkResolver.cpp, line 759]
Event: 0.253 Thread 0x0000022ced354bc0 Exception <a 'java/lang/NoSuchMethodError'{0x0000000089232528}: 'java.lang.Object java.lang.invoke.Invokers$Holder.linkToTargetMethod(java.lang.Object, long, java.lang.Object)'> (0x0000000089232528) 
thrown [s\src\hotspot\share\interpreter\linkResolver.cpp, line 759]

VM Operations (2 events):
Event: 0.077 Executing VM operation: HandshakeAllThreads
Event: 0.078 Executing VM operation: HandshakeAllThreads done

Events (20 events):
Event: 0.254 loading class java/util/concurrent/SynchronousQueue
Event: 0.254 loading class java/util/concurrent/BlockingQueue
Event: 0.254 loading class java/util/concurrent/BlockingQueue done
Event: 0.254 loading class java/util/AbstractQueue
Event: 0.254 loading class java/util/AbstractQueue done
Event: 0.254 loading class java/util/concurrent/SynchronousQueue done
Event: 0.254 loading class java/util/concurrent/SynchronousQueue$TransferStack
Event: 0.254 loading class java/util/concurrent/SynchronousQueue$Transferer
Event: 0.254 loading class java/util/concurrent/SynchronousQueue$Transferer done
Event: 0.254 loading class java/util/concurrent/SynchronousQueue$TransferStack done
Event: 0.254 loading class java/util/concurrent/SynchronousQueue$TransferStack$SNode
Event: 0.254 loading class java/util/concurrent/ForkJoinPool$ManagedBlocker
Event: 0.254 loading class java/util/concurrent/ForkJoinPool$ManagedBlocker done
Event: 0.254 loading class java/util/concurrent/SynchronousQueue$TransferStack$SNode done
Event: 0.255 loading class java/util/concurrent/locks/AbstractQueuedSynchronizer$ConditionObject
Event: 0.255 loading class java/util/concurrent/locks/Condition
Event: 0.255 loading class java/util/concurrent/locks/Condition done
Event: 0.255 loading class java/util/concurrent/locks/AbstractQueuedSynchronizer$ConditionObject done
Event: 0.270 Thread 0x0000022ced354bc0 Thread exited: 0x0000022ced354bc0
Event: 0.270 Thread 0x0000022ced354bc0 Thread added: 0x0000022ced354bc0


Dynamic libraries:
0x00007ff7825b0000 - 0x00007ff7825be000 	C:\Users\user\.jdks\graalvm-ce-17\bin\java.exe
0x00007ffe8d590000 - 0x00007ffe8d788000 	C:\WINDOWS\SYSTEM32\ntdll.dll
0x00007ffe8d040000 - 0x00007ffe8d0fd000 	C:\WINDOWS\System32\KERNEL32.DLL
0x00007ffe8b060000 - 0x00007ffe8b356000 	C:\WINDOWS\System32\KERNELBASE.dll
0x00007ffe8aea0000 - 0x00007ffe8afa0000 	C:\WINDOWS\System32\ucrtbase.dll
0x00007ffe85a20000 - 0x00007ffe85a3b000 	C:\Users\user\.jdks\graalvm-ce-17\bin\VCRUNTIME140.dll
0x00007ffe85a80000 - 0x00007ffe85a97000 	C:\Users\user\.jdks\graalvm-ce-17\bin\jli.dll
0x00007ffe8b860000 - 0x00007ffe8b9fe000 	C:\WINDOWS\System32\USER32.dll
0x00007ffe8b360000 - 0x00007ffe8b382000 	C:\WINDOWS\System32\win32u.dll
0x00007ffe7ae90000 - 0x00007ffe7b12a000 	C:\WINDOWS\WinSxS\amd64_microsoft.windows.common-controls_6595b64144ccf1df_6.0.19041.3636_none_60b6a03d71f818d5\COMCTL32.dll
0x00007ffe8b7d0000 - 0x00007ffe8b7fc000 	C:\WINDOWS\System32\GDI32.dll
0x00007ffe8ba60000 - 0x00007ffe8bafe000 	C:\WINDOWS\System32\msvcrt.dll
0x00007ffe8b440000 - 0x00007ffe8b55a000 	C:\WINDOWS\System32\gdi32full.dll
0x00007ffe8ae00000 - 0x00007ffe8ae9d000 	C:\WINDOWS\System32\msvcp_win.dll
0x00007ffe8c160000 - 0x00007ffe8c190000 	C:\WINDOWS\System32\IMM32.DLL
0x00007ffe85a10000 - 0x00007ffe85a1c000 	C:\Users\user\.jdks\graalvm-ce-17\bin\vcruntime140_1.dll
0x00007ffe6b0b0000 - 0x00007ffe6b13e000 	C:\Users\user\.jdks\graalvm-ce-17\bin\msvcp140.dll
0x00007ffe30c50000 - 0x00007ffe3181f000 	C:\Users\user\.jdks\graalvm-ce-17\bin\server\jvm.dll
0x00007ffe8d220000 - 0x00007ffe8d2cf000 	C:\WINDOWS\System32\ADVAPI32.dll
0x00007ffe8bfe0000 - 0x00007ffe8c07c000 	C:\WINDOWS\System32\sechost.dll
0x00007ffe8d420000 - 0x00007ffe8d546000 	C:\WINDOWS\System32\RPCRT4.dll
0x00007ffe8a1d0000 - 0x00007ffe8a21b000 	C:\WINDOWS\SYSTEM32\POWRPROF.dll
0x00007ffe75010000 - 0x00007ffe75019000 	C:\WINDOWS\SYSTEM32\WSOCK32.dll
0x00007ffe8bf70000 - 0x00007ffe8bfdb000 	C:\WINDOWS\System32\WS2_32.dll
0x00007ffe7b2f0000 - 0x00007ffe7b317000 	C:\WINDOWS\SYSTEM32\WINMM.dll
0x00007ffe80610000 - 0x00007ffe8061a000 	C:\WINDOWS\SYSTEM32\VERSION.dll
0x00007ffe8a090000 - 0x00007ffe8a0a2000 	C:\WINDOWS\SYSTEM32\UMPDC.dll
0x00007ffe89480000 - 0x00007ffe89492000 	C:\WINDOWS\SYSTEM32\kernel.appcore.dll
0x00007ffe85a00000 - 0x00007ffe85a0a000 	C:\Users\user\.jdks\graalvm-ce-17\bin\jimage.dll
0x00007ffe89150000 - 0x00007ffe89334000 	C:\WINDOWS\SYSTEM32\DBGHELP.DLL
0x00007ffe72f90000 - 0x00007ffe72fc4000 	C:\WINDOWS\SYSTEM32\dbgcore.DLL
0x00007ffe8b560000 - 0x00007ffe8b5e2000 	C:\WINDOWS\System32\bcryptPrimitives.dll
0x00007ffe84840000 - 0x00007ffe84865000 	C:\Users\user\.jdks\graalvm-ce-17\bin\java.dll
0x00007ffe664a0000 - 0x00007ffe66577000 	C:\Users\user\.jdks\graalvm-ce-17\bin\jsvml.dll
0x00007ffe8c2d0000 - 0x00007ffe8ca15000 	C:\WINDOWS\System32\SHELL32.dll
0x00007ffe888e0000 - 0x00007ffe8907b000 	C:\WINDOWS\SYSTEM32\windows.storage.dll
0x00007ffe8cc60000 - 0x00007ffe8cfb4000 	C:\WINDOWS\System32\combase.dll
0x00007ffe8a6b0000 - 0x00007ffe8a6dd000 	C:\WINDOWS\SYSTEM32\Wldp.dll
0x00007ffe8b720000 - 0x00007ffe8b7cd000 	C:\WINDOWS\System32\SHCORE.dll
0x00007ffe8d100000 - 0x00007ffe8d155000 	C:\WINDOWS\System32\shlwapi.dll
0x00007ffe8aba0000 - 0x00007ffe8abc5000 	C:\WINDOWS\SYSTEM32\profapi.dll
0x00007ffe84880000 - 0x00007ffe84899000 	C:\Users\user\.jdks\graalvm-ce-17\bin\net.dll
0x00007ffe806f0000 - 0x00007ffe807fa000 	C:\WINDOWS\SYSTEM32\WINHTTP.dll
0x00007ffe8a410000 - 0x00007ffe8a47a000 	C:\WINDOWS\system32\mswsock.dll
0x00007ffe84810000 - 0x00007ffe84826000 	C:\Users\user\.jdks\graalvm-ce-17\bin\nio.dll
0x00007ffe84a20000 - 0x00007ffe84a38000 	C:\Users\user\.jdks\graalvm-ce-17\bin\zip.dll
0x00007ffe1bd60000 - 0x00007ffe1ddc2000 	C:\Users\user\.jdks\graalvm-ce-17\bin\jvmcicompiler.dll
0x00007ffe8ab20000 - 0x00007ffe8ab4e000 	C:\WINDOWS\SYSTEM32\USERENV.dll
0x00007ffe8a720000 - 0x00007ffe8a747000 	C:\WINDOWS\SYSTEM32\ncrypt.dll
0x00007ffe8a0b0000 - 0x00007ffe8a0eb000 	C:\WINDOWS\SYSTEM32\IPHLPAPI.DLL
0x00007ffe8a6e0000 - 0x00007ffe8a71b000 	C:\WINDOWS\SYSTEM32\NTASN1.dll
0x00007ffe84610000 - 0x00007ffe84620000 	C:\Users\user\.jdks\graalvm-ce-17\bin\verify.dll
0x00007ffe83f00000 - 0x00007ffe83f09000 	C:\Users\user\.jdks\graalvm-ce-17\bin\attach.dll
0x00007ffe8b5f0000 - 0x00007ffe8b5f8000 	C:\WINDOWS\System32\PSAPI.DLL

dbghelp: loaded successfully - version: 4.0.5 - missing functions: none
symbol engine: initialized successfully - sym options: 0x614 - pdb path: .;C:\Users\user\.jdks\graalvm-ce-17\bin;C:\WINDOWS\SYSTEM32;C:\WINDOWS\WinSxS\amd64_microsoft.windows.common-controls_6595b64144ccf1df_6.0.19041.3636_none_60b6a03d71f818d5;C:\Users\user\.jdks\graalvm-ce-17\bin\server

VM Arguments:
jvm_args: -XX:ThreadPriorityPolicy=1 -XX:+UnlockExperimentalVMOptions -XX:+EnableJVMCIProduct -XX:JVMCIThreadsPerNativeLibraryRuntime=1 -XX:-UnlockExperimentalVMOptions -Dnet.bytebuddy.agent.attacher.dump= 
java_command: net.bytebuddy.agent.Attacher com.sun.tools.attach.VirtualMachine 7660 C:\Users\user\.gradle\caches\modules-2\files-2.1\net.bytebuddy\byte-buddy-agent\1.14.10\90ed94ac044ea8953b224304c762316e91fd6b31\byte-buddy-agent-1.14.10.jar false 
java_class_path (initial): C:\Users\user\.gradle\caches\modules-2\files-2.1\net.bytebuddy\byte-buddy-agent\1.14.10\90ed94ac044ea8953b224304c762316e91fd6b31\byte-buddy-agent-1.14.10.jar
Launcher Type: SUN_STANDARD

[Global flags]
     intx CICompilerCount                          = 3                                         {product} {ergonomic}
     uint ConcGCThreads                            = 1                                         {product} {ergonomic}
     bool EnableJVMCIProduct                       = true                                {JVMCI product} {jimage}
     uint G1ConcRefinementThreads                  = 4                                         {product} {ergonomic}
   size_t G1HeapRegionSize                         = 1048576                                   {product} {ergonomic}
    uintx GCDrainStackTargetSize                   = 64                                        {product} {ergonomic}
   size_t InitialHeapSize                          = 134217728                                 {product} {ergonomic}
     uint JVMCIThreadsPerNativeLibraryRuntime      = 1                                   {JVMCI product} {jimage}
   size_t MarkStackSize                            = 4194304                                   {product} {ergonomic}
   size_t MaxHeapSize                              = 2124414976                                {product} {ergonomic}
   size_t MaxNewSize                               = 1274019840                                {product} {ergonomic}
   size_t MinHeapDeltaBytes                        = 1048576                                   {product} {ergonomic}
   size_t MinHeapSize                              = 8388608                                   {product} {ergonomic}
    uintx NonNMethodCodeHeapSize                   = 6402904                                {pd product} {ergonomic}
    uintx NonProfiledCodeHeapSize                  = 122627668                              {pd product} {ergonomic}
    uintx ProfiledCodeHeapSize                     = 122627668                              {pd product} {ergonomic}
    uintx ReservedCodeCacheSize                    = 251658240                              {pd product} {ergonomic}
     bool SegmentedCodeCache                       = true                                      {product} {ergonomic}
   size_t SoftMaxHeapSize                          = 2124414976                             {manageable} {ergonomic}
     intx ThreadPriorityPolicy                     = 1                                         {product} {jimage}
     bool UseCompressedClassPointers               = true                           {product lp64_product} {ergonomic}
     bool UseCompressedOops                        = true                           {product lp64_product} {ergonomic}
     bool UseG1GC                                  = true                                      {product} {ergonomic}
     bool UseLargePagesIndividualAllocation        = false                                  {pd product} {ergonomic}

Logging:
Log output configuration:
 #0: stdout all=warning uptime,level,tags
 #1: stderr all=off uptime,level,tags

Environment Variables:
PATH=C:\Program Files\Common Files\Oracle\Java\javapath;C:\WINDOWS\system32;C:\WINDOWS;C:\WINDOWS\System32\Wbem;C:\WINDOWS\System32\WindowsPowerShell\v1.0\;C:\WINDOWS\System32\OpenSSH\;C:\Program Files\Bandizip\;C:\Program Files\Docker\Docker\resources\bin;C:\Program Files\Git\cmd;C:\Program Files (x86)\Intel\Intel(R) Management Engine Components\DAL;C:\Program Files\Intel\Intel(R) Management Engine Components\DAL;C:\Program Files\nodejs\;C:\Users\user\AppData\Local\Microsoft\WindowsApps;;C:\Program Files\JetBrains\IntelliJ IDEA 2023.2.5\bin;;D:\Microsoft VS Code\bin;C:\Users\user\AppData\Roaming\npm
USERNAME=user
OS=Windows_NT
PROCESSOR_IDENTIFIER=Intel64 Family 6 Model 142 Stepping 9, GenuineIntel
TMP=C:\Users\user\AppData\Local\Temp
TEMP=C:\Users\user\AppData\Local\Temp



---------------  S Y S T E M  ---------------

OS:
 Windows 10 , 64 bit Build 19041 (10.0.19041.3636)
OS uptime: 10 days 7:39 hours
Hyper-V role detected

CPU: total 4 (initial active 4) (2 cores per cpu, 2 threads per core) family 6 model 142 stepping 9 microcode 0xb4, cx8, cmov, fxsr, ht, mmx, 3dnowpref, sse, sse2, sse3, ssse3, sse4.1, sse4.2, popcnt, lzcnt, tsc, tscinvbit, avx, avx2, aes, erms, clmul, bmi1, bmi2, adx, fma, vzeroupper, clflush, clflushopt, hv
Processor Information for all 4 processors :
  Max Mhz: 2712, Current Mhz: 2511, Mhz Limit: 2495

Memory: 4k page, system-wide physical 8102M (401M free)
TotalPageFile size 22387M (AvailPageFile size 4M)
current process WorkingSet (physical memory assigned to process): 65M, peak: 65M
current process commit charge ("private bytes"): 230M, peak: 231M

vm_info: OpenJDK 64-Bit Server VM (17.0.8+7-jvmci-22.3-b22) for windows-amd64 JRE (17.0.8+7-jvmci-22.3-b22), built on Jul 19 2023 07:48:01 by "" with MS VC++ 17.1 (VS2022)

END.
