#
# There is insufficient memory for the Java Runtime Environment to continue.
# Native memory allocation (mmap) failed to map 134217728 bytes for G1 virtual space
# Possible reasons:
#   The system is out of physical RAM or swap space
#   The process is running with CompressedOops enabled, and the Java Heap may be blocking the growth of the native heap
# Possible solutions:
#   Reduce memory load on the system
#   Increase physical memory or swap space
#   Check if swap backing store is full
#   Decrease Java heap size (-Xmx/-Xms)
#   Decrease number of Java threads
#   Decrease Java thread stack sizes (-Xss)
#   Set larger code cache with -XX:ReservedCodeCacheSize=
#   JVM is running with Unscaled Compressed Oops mode in which the Java heap is
#     placed in the first 4GB address space. The Java Heap base address is the
#     maximum limit for the native heap growth. Please use -XX:HeapBaseMinAddress
#     to set the Java Heap base and to place the Java Heap above 4GB virtual address.
# This output file may be truncated or incomplete.
#
#  Out of Memory Error (os_windows.cpp:3617), pid=7356, tid=17064
#
# JRE version:  (17.0.8+7) (build )
# Java VM: OpenJDK 64-Bit Server VM (17.0.8+7-jvmci-22.3-b22, mixed mode, sharing, tiered, jvmci, jvmci compiler, compressed oops, compressed class ptrs, g1 gc, windows-amd64)
# No core dump will be written. Minidumps are not enabled by default on client versions of Windows
#

---------------  S U M M A R Y ------------

Command Line: -XX:ThreadPriorityPolicy=1 -XX:+UnlockExperimentalVMOptions -XX:+EnableJVMCIProduct -XX:JVMCIThreadsPerNativeLibraryRuntime=1 -XX:-UnlockExperimentalVMOptions -Dnet.bytebuddy.agent.attacher.dump= net.bytebuddy.agent.Attacher com.sun.tools.attach.VirtualMachine 16316 C:\Users\user\.gradle\caches\modules-2\files-2.1\net.bytebuddy\byte-buddy-agent\1.14.10\90ed94ac044ea8953b224304c762316e91fd6b31\byte-buddy-agent-1.14.10.jar false 

Host: Intel(R) Core(TM) i5-7200U CPU @ 2.50GHz, 4 cores, 7G,  Windows 10 , 64 bit Build 19041 (10.0.19041.3636)
Time: Tue Jan  9 00:23:55 2024  Windows 10 , 64 bit Build 19041 (10.0.19041.3636) elapsed time: 0.014697 seconds (0d 0h 0m 0s)

---------------  T H R E A D  ---------------

Current thread (0x000001fdd0e86480):  JavaThread "Unknown thread" [_thread_in_vm, id=17064, stack(0x0000000820200000,0x0000000820300000)]

Stack: [0x0000000820200000,0x0000000820300000]
Native frames: (J=compiled Java code, j=interpreted, Vv=VM code, C=native code)
V  [jvm.dll+0x66907a]
V  [jvm.dll+0x7c9e7e]
V  [jvm.dll+0x7cb7ce]
V  [jvm.dll+0x7cbe83]
V  [jvm.dll+0x2457af]
V  [jvm.dll+0x665de9]
V  [jvm.dll+0x65a75a]
V  [jvm.dll+0x302ea6]
V  [jvm.dll+0x30a3c6]
V  [jvm.dll+0x359cbe]
V  [jvm.dll+0x359eef]
V  [jvm.dll+0x2da0e8]
V  [jvm.dll+0x2db054]
V  [jvm.dll+0x79bd21]
V  [jvm.dll+0x367871]
V  [jvm.dll+0x77b118]
V  [jvm.dll+0x3eabaf]
V  [jvm.dll+0x3ec6c1]
C  [jli.dll+0x5287]
C  [ucrtbase.dll+0x21bb2]
C  [KERNEL32.DLL+0x17344]
C  [ntdll.dll+0x526b1]


---------------  P R O C E S S  ---------------

Threads class SMR info:
_java_thread_list=0x00007ffe316f7a98, length=0, elements={
}

Java Threads: ( => current thread )

Other Threads:
  0x000001fdd0edecf0 GCTaskThread "GC Thread#0" [stack: 0x0000000820300000,0x0000000820400000] [id=12380]
  0x000001fdd0eef980 ConcurrentGCThread "G1 Main Marker" [stack: 0x0000000820400000,0x0000000820500000] [id=17780]
  0x000001fdd0ef0b30 ConcurrentGCThread "G1 Conc#0" [stack: 0x0000000820500000,0x0000000820600000] [id=12244]

[error occurred during error reporting (printing all threads), id 0xc0000005, EXCEPTION_ACCESS_VIOLATION (0xc0000005) at pc=0x00007ffe30f3acd7]

VM state: not at safepoint (not fully initialized)

VM Mutex/Monitor currently owned by a thread:  ([mutex/lock_event])
[0x000001fdd0e80d20] Heap_lock - owner thread: 0x000001fdd0e86480

Heap address: 0x0000000081600000, size: 2026 MB, Compressed Oops mode: 32-bit

CDS archive(s) mapped at: [0x0000000000000000-0x0000000000000000-0x0000000000000000), size 0, SharedBaseAddress: 0x0000000800000000, ArchiveRelocationMode: 1.
Narrow klass base: 0x0000000000000000, Narrow klass shift: 0, Narrow klass range: 0x0

GC Precious Log:
<Empty>

Heap:
 garbage-first heap   total 0K, used 0K [0x0000000081600000, 0x0000000100000000)
  region size 1024K, 0 young (0K), 0 survivors (0K)

[error occurred during error reporting (printing heap information), id 0xc0000005, EXCEPTION_ACCESS_VIOLATION (0xc0000005) at pc=0x00007ffe31312819]

GC Heap History (0 events):
No events

Dll operation events (1 events):
Event: 0.008 Loaded shared library C:\Users\user\.jdks\graalvm-ce-17\bin\java.dll

Deoptimization events (0 events):
No events

Classes unloaded (0 events):
No events

Classes redefined (0 events):
No events

Internal exceptions (0 events):
No events

VM Operations (0 events):
No events

Events (0 events):
No events


Dynamic libraries:
0x00007ff7825b0000 - 0x00007ff7825be000 	C:\Users\user\.jdks\graalvm-ce-17\bin\java.exe
0x00007ffe8d590000 - 0x00007ffe8d788000 	C:\WINDOWS\SYSTEM32\ntdll.dll
0x00007ffe8d040000 - 0x00007ffe8d0fd000 	C:\WINDOWS\System32\KERNEL32.DLL
0x00007ffe8b060000 - 0x00007ffe8b356000 	C:\WINDOWS\System32\KERNELBASE.dll
0x00007ffe8aea0000 - 0x00007ffe8afa0000 	C:\WINDOWS\System32\ucrtbase.dll
0x00007ffe85a20000 - 0x00007ffe85a3b000 	C:\Users\user\.jdks\graalvm-ce-17\bin\VCRUNTIME140.dll
0x00007ffe85a80000 - 0x00007ffe85a97000 	C:\Users\user\.jdks\graalvm-ce-17\bin\jli.dll
0x00007ffe8b860000 - 0x00007ffe8b9fe000 	C:\WINDOWS\System32\USER32.dll
0x00007ffe8b360000 - 0x00007ffe8b382000 	C:\WINDOWS\System32\win32u.dll
0x00007ffe7ae90000 - 0x00007ffe7b12a000 	C:\WINDOWS\WinSxS\amd64_microsoft.windows.common-controls_6595b64144ccf1df_6.0.19041.3636_none_60b6a03d71f818d5\COMCTL32.dll
0x00007ffe8b7d0000 - 0x00007ffe8b7fc000 	C:\WINDOWS\System32\GDI32.dll
0x00007ffe8b440000 - 0x00007ffe8b55a000 	C:\WINDOWS\System32\gdi32full.dll
0x00007ffe8ba60000 - 0x00007ffe8bafe000 	C:\WINDOWS\System32\msvcrt.dll
0x00007ffe8ae00000 - 0x00007ffe8ae9d000 	C:\WINDOWS\System32\msvcp_win.dll
0x00007ffe8c160000 - 0x00007ffe8c190000 	C:\WINDOWS\System32\IMM32.DLL
0x00007ffe85a10000 - 0x00007ffe85a1c000 	C:\Users\user\.jdks\graalvm-ce-17\bin\vcruntime140_1.dll
0x00007ffe6b0b0000 - 0x00007ffe6b13e000 	C:\Users\user\.jdks\graalvm-ce-17\bin\msvcp140.dll
0x00007ffe30c50000 - 0x00007ffe3181f000 	C:\Users\user\.jdks\graalvm-ce-17\bin\server\jvm.dll
0x00007ffe8d220000 - 0x00007ffe8d2cf000 	C:\WINDOWS\System32\ADVAPI32.dll
0x00007ffe8bfe0000 - 0x00007ffe8c07c000 	C:\WINDOWS\System32\sechost.dll
0x00007ffe8d420000 - 0x00007ffe8d546000 	C:\WINDOWS\System32\RPCRT4.dll
0x00007ffe75010000 - 0x00007ffe75019000 	C:\WINDOWS\SYSTEM32\WSOCK32.dll
0x00007ffe8a1d0000 - 0x00007ffe8a21b000 	C:\WINDOWS\SYSTEM32\POWRPROF.dll
0x00007ffe8bf70000 - 0x00007ffe8bfdb000 	C:\WINDOWS\System32\WS2_32.dll
0x00007ffe80610000 - 0x00007ffe8061a000 	C:\WINDOWS\SYSTEM32\VERSION.dll
0x00007ffe7b2f0000 - 0x00007ffe7b317000 	C:\WINDOWS\SYSTEM32\WINMM.dll
0x00007ffe8a090000 - 0x00007ffe8a0a2000 	C:\WINDOWS\SYSTEM32\UMPDC.dll
0x00007ffe89480000 - 0x00007ffe89492000 	C:\WINDOWS\SYSTEM32\kernel.appcore.dll
0x00007ffe85a00000 - 0x00007ffe85a0a000 	C:\Users\user\.jdks\graalvm-ce-17\bin\jimage.dll
0x00007ffe89150000 - 0x00007ffe89334000 	C:\WINDOWS\SYSTEM32\DBGHELP.DLL
0x00007ffe72f90000 - 0x00007ffe72fc4000 	C:\WINDOWS\SYSTEM32\dbgcore.DLL
0x00007ffe8b560000 - 0x00007ffe8b5e2000 	C:\WINDOWS\System32\bcryptPrimitives.dll
0x00007ffe84840000 - 0x00007ffe84865000 	C:\Users\user\.jdks\graalvm-ce-17\bin\java.dll

dbghelp: loaded successfully - version: 4.0.5 - missing functions: none
symbol engine: initialized successfully - sym options: 0x614 - pdb path: .;C:\Users\user\.jdks\graalvm-ce-17\bin;C:\WINDOWS\SYSTEM32;C:\WINDOWS\WinSxS\amd64_microsoft.windows.common-controls_6595b64144ccf1df_6.0.19041.3636_none_60b6a03d71f818d5;C:\Users\user\.jdks\graalvm-ce-17\bin\server

VM Arguments:
jvm_args: -XX:ThreadPriorityPolicy=1 -XX:+UnlockExperimentalVMOptions -XX:+EnableJVMCIProduct -XX:JVMCIThreadsPerNativeLibraryRuntime=1 -XX:-UnlockExperimentalVMOptions -Dnet.bytebuddy.agent.attacher.dump= 
java_command: net.bytebuddy.agent.Attacher com.sun.tools.attach.VirtualMachine 16316 C:\Users\user\.gradle\caches\modules-2\files-2.1\net.bytebuddy\byte-buddy-agent\1.14.10\90ed94ac044ea8953b224304c762316e91fd6b31\byte-buddy-agent-1.14.10.jar false 
java_class_path (initial): C:\Users\user\.gradle\caches\modules-2\files-2.1\net.bytebuddy\byte-buddy-agent\1.14.10\90ed94ac044ea8953b224304c762316e91fd6b31\byte-buddy-agent-1.14.10.jar
Launcher Type: SUN_STANDARD

[Global flags]
     intx CICompilerCount                          = 3                                         {product} {ergonomic}
     uint ConcGCThreads                            = 1                                         {product} {ergonomic}
     bool EnableJVMCIProduct                       = true                                {JVMCI product} {jimage}
     uint G1ConcRefinementThreads                  = 4                                         {product} {ergonomic}
   size_t G1HeapRegionSize                         = 1048576                                   {product} {ergonomic}
    uintx GCDrainStackTargetSize                   = 64                                        {product} {ergonomic}
   size_t InitialHeapSize                          = 134217728                                 {product} {ergonomic}
     uint JVMCIThreadsPerNativeLibraryRuntime      = 1                                   {JVMCI product} {jimage}
   size_t MarkStackSize                            = 4194304                                   {product} {ergonomic}
   size_t MaxHeapSize                              = 2124414976                                {product} {ergonomic}
   size_t MinHeapDeltaBytes                        = 1048576                                   {product} {ergonomic}
   size_t MinHeapSize                              = 8388608                                   {product} {ergonomic}
    uintx NonNMethodCodeHeapSize                   = 6402904                                {pd product} {ergonomic}
    uintx NonProfiledCodeHeapSize                  = 122627668                              {pd product} {ergonomic}
    uintx ProfiledCodeHeapSize                     = 122627668                              {pd product} {ergonomic}
    uintx ReservedCodeCacheSize                    = 251658240                              {pd product} {ergonomic}
     bool SegmentedCodeCache                       = true                                      {product} {ergonomic}
   size_t SoftMaxHeapSize                          = 2124414976                             {manageable} {ergonomic}
     intx ThreadPriorityPolicy                     = 1                                         {product} {jimage}
     bool UseCompressedClassPointers               = true                           {product lp64_product} {ergonomic}
     bool UseCompressedOops                        = true                           {product lp64_product} {ergonomic}
     bool UseG1GC                                  = true                                      {product} {ergonomic}
     bool UseLargePagesIndividualAllocation        = false                                  {pd product} {ergonomic}

Logging:
Log output configuration:
 #0: stdout all=warning uptime,level,tags
 #1: stderr all=off uptime,level,tags

Environment Variables:
PATH=C:\Program Files\Common Files\Oracle\Java\javapath;C:\WINDOWS\system32;C:\WINDOWS;C:\WINDOWS\System32\Wbem;C:\WINDOWS\System32\WindowsPowerShell\v1.0\;C:\WINDOWS\System32\OpenSSH\;C:\Program Files\Bandizip\;C:\Program Files\Docker\Docker\resources\bin;C:\Program Files\Git\cmd;C:\Program Files (x86)\Intel\Intel(R) Management Engine Components\DAL;C:\Program Files\Intel\Intel(R) Management Engine Components\DAL;C:\Program Files\nodejs\;C:\Users\user\AppData\Local\Microsoft\WindowsApps;;C:\Program Files\JetBrains\IntelliJ IDEA 2023.2.5\bin;;D:\Microsoft VS Code\bin;C:\Users\user\AppData\Roaming\npm
USERNAME=user
OS=Windows_NT
PROCESSOR_IDENTIFIER=Intel64 Family 6 Model 142 Stepping 9, GenuineIntel
TMP=C:\Users\user\AppData\Local\Temp
TEMP=C:\Users\user\AppData\Local\Temp



---------------  S Y S T E M  ---------------

OS:
 Windows 10 , 64 bit Build 19041 (10.0.19041.3636)
OS uptime: 10 days 7:37 hours
Hyper-V role detected

CPU: total 4 (initial active 4) (2 cores per cpu, 2 threads per core) family 6 model 142 stepping 9 microcode 0xb4, cx8, cmov, fxsr, ht, mmx, 3dnowpref, sse, sse2, sse3, ssse3, sse4.1, sse4.2, popcnt, lzcnt, tsc, tscinvbit, avx, avx2, aes, erms, clmul, bmi1, bmi2, adx, fma, vzeroupper, clflush, clflushopt, hv
Processor Information for all 4 processors :
  Max Mhz: 2712, Current Mhz: 2511, Mhz Limit: 2495

Memory: 4k page, system-wide physical 8102M (322M free)
TotalPageFile size 22387M (AvailPageFile size 63M)
current process WorkingSet (physical memory assigned to process): 10M, peak: 10M
current process commit charge ("private bytes"): 52M, peak: 179M

vm_info: OpenJDK 64-Bit Server VM (17.0.8+7-jvmci-22.3-b22) for windows-amd64 JRE (17.0.8+7-jvmci-22.3-b22), built on Jul 19 2023 07:48:01 by "" with MS VC++ 17.1 (VS2022)

END.
